[2018-07-15 20:41:02] local.ERROR: Class 'App\Http\Controllers\DB' not found {"exception":"[object] (Symfony\\Component\\Debug\\Exception\\FatalThrowableError(code: 0): Class 'App\\Http\\Controllers\\DB' not found at C:\\Users\\DarkAsus\\Desktop\\laravel_dist\\app\\Http\\Controllers\\HomeController.php:27)
[stacktrace]
#0 [internal function]: App\\Http\\Controllers\\HomeController->index()
#1 C:\\Users\\DarkAsus\\Desktop\\laravel_dist\\vendor\\laravel\\framework\\src\\Illuminate\\Routing\\Controller.php(54): call_user_func_array(Array, Array)
#2 C:\\Users\\DarkAsus\\Desktop\\laravel_dist\\vendor\\laravel\\framework\\src\\Illuminate\\Routing\\ControllerDispatcher.php(45): Illuminate\\Routing\\Controller->callAction('index', Array)
#3 C:\\Users\\DarkAsus\\Desktop\\laravel_dist\\vendor\\laravel\\framework\\src\\Illuminate\\Routing\\Route.php(212): Illuminate\\Routing\\ControllerDispatcher->dispatch(Object(Illuminate\\Routing\\Route), Object(App\\Http\\Controllers\\HomeController), 'index')
#4 C:\\Users\\DarkAsus\\Desktop\\laravel_dist\\vendor\\laravel\\framework\\src\\Illuminate\\Routing\\Route.php(169): Illuminate\\Routing\\Route->runController()
#5 C:\\Users\\DarkAsus\\Desktop\\laravel_dist\\vendor\\laravel\\framework\\src\\Illuminate\\Routing\\Router.php(665): Illuminate\\Routing\\Route->run()
#6 C:\\Users\\DarkAsus\\Desktop\\laravel_dist\\vendor\\laravel\\framework\\src\\Illuminate\\Routing\\Pipeline.php(30): Illuminate\\Routing\\Router->Illuminate\\Routing\\{closure}(Object(Illuminate\\Http\\Request))
#7 C:\\Users\\DarkAsus\\Desktop\\laravel_dist\\vendor\\laravel\\framework\\src\\Illuminate\\Routing\\Middleware\\SubstituteBindings.php(41): Illuminate\\Routing\\Pipeline->Illuminate\\Routing\\{closure}(Object(Illuminate\\Http\\Request))
#8 C:\\Users\\DarkAsus\\Desktop\\laravel_dist\\vendor\\laravel\\framework\\src\\Illuminate\\Pipeline\\Pipeline.php(151): Illuminate\\Routing\\Middleware\\SubstituteBindings->handle(Object(Illuminate\\Http\\Request), Object(Closure))
#9 C:\\Users\\DarkAsus\\Desktop\\laravel_dist\\vendor\\laravel\\framework\\src\\Illuminate\\Routing\\Pipeline.php(53): Illuminate\\Pipeline\\Pipeline->Illuminate\\Pipeline\\{closure}(Object(Illuminate\\Http\\Request))
#10 C:\\Users\\DarkAsus\\Desktop\\laravel_dist\\vendor\\laravel\\framework\\src\\Illuminate\\Foundation\\Http\\Middleware\\VerifyCsrfToken.php(67): Illuminate\\Routing\\Pipeline->Illuminate\\Routing\\{closure}(Object(Illuminate\\Http\\Request))
#11 C:\\Users\\DarkAsus\\Desktop\\laravel_dist\\vendor\\laravel\\framework\\src\\Illuminate\\Pipeline\\Pipeline.php(151): Illuminate\\Foundation\\Http\\Middleware\\VerifyCsrfToken->handle(Object(Illuminate\\Http\\Request), Object(Closure))
#12 C:\\Users\\DarkAsus\\Desktop\\laravel_dist\\vendor\\laravel\\framework\\src\\Illuminate\\Routing\\Pipeline.php(53): Illuminate\\Pipeline\\Pipeline->Illuminate\\Pipeline\\{closure}(Object(Illuminate\\Http\\Request))
#13 C:\\Users\\DarkAsus\\Desktop\\laravel_dist\\vendor\\laravel\\framework\\src\\Illuminate\\View\\Middleware\\ShareErrorsFromSession.php(49): Illuminate\\Routing\\Pipeline->Illuminate\\Routing\\{closure}(Object(Illuminate\\Http\\Request))
#14 C:\\Users\\DarkAsus\\Desktop\\laravel_dist\\vendor\\laravel\\framework\\src\\Illuminate\\Pipeline\\Pipeline.php(151): Illuminate\\View\\Middleware\\ShareErrorsFromSession->handle(Object(Illuminate\\Http\\Request), Object(Closure))
#15 C:\\Users\\DarkAsus\\Desktop\\laravel_dist\\vendor\\laravel\\framework\\src\\Illuminate\\Routing\\Pipeline.php(53): Illuminate\\Pipeline\\Pipeline->Illuminate\\Pipeline\\{closure}(Object(Illuminate\\Http\\Request))
#16 C:\\Users\\DarkAsus\\Desktop\\laravel_dist\\vendor\\laravel\\framework\\src\\Illuminate\\Session\\Middleware\\StartSession.php(63): Illuminate\\Routing\\Pipeline->Illuminate\\Routing\\{closure}(Object(Illuminate\\Http\\Request))
#17 C:\\Users\\DarkAsus\\Desktop\\laravel_dist\\vendor\\laravel\\framework\\src\\Illuminate\\Pipeline\\Pipeline.php(151): Illuminate\\Session\\Middleware\\StartSession->handle(Object(Illuminate\\Http\\Request), Object(Closure))
#18 C:\\Users\\DarkAsus\\Desktop\\laravel_dist\\vendor\\laravel\\framework\\src\\Illuminate\\Routing\\Pipeline.php(53): Illuminate\\Pipeline\\Pipeline->Illuminate\\Pipeline\\{closure}(Object(Illuminate\\Http\\Request))
#19 C:\\Users\\DarkAsus\\Desktop\\laravel_dist\\vendor\\laravel\\framework\\src\\Illuminate\\Cookie\\Middleware\\AddQueuedCookiesToResponse.php(37): Illuminate\\Routing\\Pipeline->Illuminate\\Routing\\{closure}(Object(Illuminate\\Http\\Request))
#20 C:\\Users\\DarkAsus\\Desktop\\laravel_dist\\vendor\\laravel\\framework\\src\\Illuminate\\Pipeline\\Pipeline.php(151): Illuminate\\Cookie\\Middleware\\AddQueuedCookiesToResponse->handle(Object(Illuminate\\Http\\Request), Object(Closure))
#21 C:\\Users\\DarkAsus\\Desktop\\laravel_dist\\vendor\\laravel\\framework\\src\\Illuminate\\Routing\\Pipeline.php(53): Illuminate\\Pipeline\\Pipeline->Illuminate\\Pipeline\\{closure}(Object(Illuminate\\Http\\Request))
#22 C:\\Users\\DarkAsus\\Desktop\\laravel_dist\\vendor\\laravel\\framework\\src\\Illuminate\\Cookie\\Middleware\\EncryptCookies.php(59): Illuminate\\Routing\\Pipeline->Illuminate\\Routing\\{closure}(Object(Illuminate\\Http\\Request))
#23 C:\\Users\\DarkAsus\\Desktop\\laravel_dist\\vendor\\laravel\\framework\\src\\Illuminate\\Pipeline\\Pipeline.php(151): Illuminate\\Cookie\\Middleware\\EncryptCookies->handle(Object(Illuminate\\Http\\Request), Object(Closure))
#24 C:\\Users\\DarkAsus\\Desktop\\laravel_dist\\vendor\\laravel\\framework\\src\\Illuminate\\Routing\\Pipeline.php(53): Illuminate\\Pipeline\\Pipeline->Illuminate\\Pipeline\\{closure}(Object(Illuminate\\Http\\Request))
#25 C:\\Users\\DarkAsus\\Desktop\\laravel_dist\\vendor\\laravel\\framework\\src\\Illuminate\\Pipeline\\Pipeline.php(104): Illuminate\\Routing\\Pipeline->Illuminate\\Routing\\{closure}(Object(Illuminate\\Http\\Request))
#26 C:\\Users\\DarkAsus\\Desktop\\laravel_dist\\vendor\\laravel\\framework\\src\\Illuminate\\Routing\\Router.php(667): Illuminate\\Pipeline\\Pipeline->then(Object(Closure))
#27 C:\\Users\\DarkAsus\\Desktop\\laravel_dist\\vendor\\laravel\\framework\\src\\Illuminate\\Routing\\Router.php(642): Illuminate\\Routing\\Router->runRouteWithinStack(Object(Illuminate\\Routing\\Route), Object(Illuminate\\Http\\Request))
#28 C:\\Users\\DarkAsus\\Desktop\\laravel_dist\\vendor\\laravel\\framework\\src\\Illuminate\\Routing\\Router.php(608): Illuminate\\Routing\\Router->runRoute(Object(Illuminate\\Http\\Request), Object(Illuminate\\Routing\\Route))
#29 C:\\Users\\DarkAsus\\Desktop\\laravel_dist\\vendor\\laravel\\framework\\src\\Illuminate\\Routing\\Router.php(597): Illuminate\\Routing\\Router->dispatchToRoute(Object(Illuminate\\Http\\Request))
#30 C:\\Users\\DarkAsus\\Desktop\\laravel_dist\\vendor\\laravel\\framework\\src\\Illuminate\\Foundation\\Http\\Kernel.php(176): Illuminate\\Routing\\Router->dispatch(Object(Illuminate\\Http\\Request))
#31 C:\\Users\\DarkAsus\\Desktop\\laravel_dist\\vendor\\laravel\\framework\\src\\Illuminate\\Routing\\Pipeline.php(30): Illuminate\\Foundation\\Http\\Kernel->Illuminate\\Foundation\\Http\\{closure}(Object(Illuminate\\Http\\Request))
#32 C:\\Users\\DarkAsus\\Desktop\\laravel_dist\\vendor\\fideloper\\proxy\\src\\TrustProxies.php(57): Illuminate\\Routing\\Pipeline->Illuminate\\Routing\\{closure}(Object(Illuminate\\Http\\Request))
#33 C:\\Users\\DarkAsus\\Desktop\\laravel_dist\\vendor\\laravel\\framework\\src\\Illuminate\\Pipeline\\Pipeline.php(151): Fideloper\\Proxy\\TrustProxies->handle(Object(Illuminate\\Http\\Request), Object(Closure))
#34 C:\\Users\\DarkAsus\\Desktop\\laravel_dist\\vendor\\laravel\\framework\\src\\Illuminate\\Routing\\Pipeline.php(53): Illuminate\\Pipeline\\Pipeline->Illuminate\\Pipeline\\{closure}(Object(Illuminate\\Http\\Request))
#35 C:\\Users\\DarkAsus\\Desktop\\laravel_dist\\vendor\\laravel\\framework\\src\\Illuminate\\Foundation\\Http\\Middleware\\TransformsRequest.php(31): Illuminate\\Routing\\Pipeline->Illuminate\\Routing\\{closure}(Object(Illuminate\\Http\\Request))
#36 C:\\Users\\DarkAsus\\Desktop\\laravel_dist\\vendor\\laravel\\framework\\src\\Illuminate\\Pipeline\\Pipeline.php(151): Illuminate\\Foundation\\Http\\Middleware\\TransformsRequest->handle(Object(Illuminate\\Http\\Request), Object(Closure))
#37 C:\\Users\\DarkAsus\\Desktop\\laravel_dist\\vendor\\laravel\\framework\\src\\Illuminate\\Routing\\Pipeline.php(53): Illuminate\\Pipeline\\Pipeline->Illuminate\\Pipeline\\{closure}(Object(Illuminate\\Http\\Request))
#38 C:\\Users\\DarkAsus\\Desktop\\laravel_dist\\vendor\\laravel\\framework\\src\\Illuminate\\Foundation\\Http\\Middleware\\TransformsRequest.php(31): Illuminate\\Routing\\Pipeline->Illuminate\\Routing\\{closure}(Object(Illuminate\\Http\\Request))
#39 C:\\Users\\DarkAsus\\Desktop\\laravel_dist\\vendor\\laravel\\framework\\src\\Illuminate\\Pipeline\\Pipeline.php(151): Illuminate\\Foundation\\Http\\Middleware\\TransformsRequest->handle(Object(Illuminate\\Http\\Request), Object(Closure))
#40 C:\\Users\\DarkAsus\\Desktop\\laravel_dist\\vendor\\laravel\\framework\\src\\Illuminate\\Routing\\Pipeline.php(53): Illuminate\\Pipeline\\Pipeline->Illuminate\\Pipeline\\{closure}(Object(Illuminate\\Http\\Request))
#41 C:\\Users\\DarkAsus\\Desktop\\laravel_dist\\vendor\\laravel\\framework\\src\\Illuminate\\Foundation\\Http\\Middleware\\ValidatePostSize.php(27): Illuminate\\Routing\\Pipeline->Illuminate\\Routing\\{closure}(Object(Illuminate\\Http\\Request))
#42 C:\\Users\\DarkAsus\\Desktop\\laravel_dist\\vendor\\laravel\\framework\\src\\Illuminate\\Pipeline\\Pipeline.php(151): Illuminate\\Foundation\\Http\\Middleware\\ValidatePostSize->handle(Object(Illuminate\\Http\\Request), Object(Closure))
#43 C:\\Users\\DarkAsus\\Desktop\\laravel_dist\\vendor\\laravel\\framework\\src\\Illuminate\\Routing\\Pipeline.php(53): Illuminate\\Pipeline\\Pipeline->Illuminate\\Pipeline\\{closure}(Object(Illuminate\\Http\\Request))
#44 C:\\Users\\DarkAsus\\Desktop\\laravel_dist\\vendor\\laravel\\framework\\src\\Illuminate\\Foundation\\Http\\Middleware\\CheckForMaintenanceMode.php(62): Illuminate\\Routing\\Pipeline->Illuminate\\Routing\\{closure}(Object(Illuminate\\Http\\Request))
#45 C:\\Users\\DarkAsus\\Desktop\\laravel_dist\\vendor\\laravel\\framework\\src\\Illuminate\\Pipeline\\Pipeline.php(151): Illuminate\\Foundation\\Http\\Middleware\\CheckForMaintenanceMode->handle(Object(Illuminate\\Http\\Request), Object(Closure))
#46 C:\\Users\\DarkAsus\\Desktop\\laravel_dist\\vendor\\laravel\\framework\\src\\Illuminate\\Routing\\Pipeline.php(53): Illuminate\\Pipeline\\Pipeline->Illuminate\\Pipeline\\{closure}(Object(Illuminate\\Http\\Request))
#47 C:\\Users\\DarkAsus\\Desktop\\laravel_dist\\vendor\\laravel\\framework\\src\\Illuminate\\Pipeline\\Pipeline.php(104): Illuminate\\Routing\\Pipeline->Illuminate\\Routing\\{closure}(Object(Illuminate\\Http\\Request))
#48 C:\\Users\\DarkAsus\\Desktop\\laravel_dist\\vendor\\laravel\\framework\\src\\Illuminate\\Foundation\\Http\\Kernel.php(151): Illuminate\\Pipeline\\Pipeline->then(Object(Closure))
#49 C:\\Users\\DarkAsus\\Desktop\\laravel_dist\\vendor\\laravel\\framework\\src\\Illuminate\\Foundation\\Http\\Kernel.php(116): Illuminate\\Foundation\\Http\\Kernel->sendRequestThroughRouter(Object(Illuminate\\Http\\Request))
#50 C:\\Users\\DarkAsus\\Desktop\\laravel_dist\\public\\index.php(55): Illuminate\\Foundation\\Http\\Kernel->handle(Object(Illuminate\\Http\\Request))
#51 C:\\Users\\DarkAsus\\Desktop\\laravel_dist\\server.php(21): require_once('C:\\\\Users\\\\DarkAs...')
#52 {main}
"} 
[2018-07-15 21:04:50] local.ERROR: SQLSTATE[HY000] [1130] Host 'DESKTOP-H00MB01' is not allowed to connect to this MariaDB server {"exception":"[object] (PDOException(code: 1130): SQLSTATE[HY000] [1130] Host 'DESKTOP-H00MB01' is not allowed to connect to this MariaDB server at C:\\Users\\DarkAsus\\Desktop\\laravel_dist\\vendor\\laravel\\framework\\src\\Illuminate\\Database\\Connectors\\Connector.php:68)
[stacktrace]
#0 C:\\Users\\DarkAsus\\Desktop\\laravel_dist\\vendor\\laravel\\framework\\src\\Illuminate\\Database\\Connectors\\Connector.php(68): PDO->__construct('mysql:host=192....', 'root', '', Array)
#1 C:\\Users\\DarkAsus\\Desktop\\laravel_dist\\vendor\\laravel\\framework\\src\\Illuminate\\Database\\Connectors\\Connector.php(44): Illuminate\\Database\\Connectors\\Connector->createPdoConnection('mysql:host=192....', 'root', '', Array)
#2 C:\\Users\\DarkAsus\\Desktop\\laravel_dist\\vendor\\laravel\\framework\\src\\Illuminate\\Database\\Connectors\\MySqlConnector.php(24): Illuminate\\Database\\Connectors\\Connector->createConnection('mysql:host=192....', Array, Array)
#3 C:\\Users\\DarkAsus\\Desktop\\laravel_dist\\vendor\\laravel\\framework\\src\\Illuminate\\Database\\Connectors\\ConnectionFactory.php(183): Illuminate\\Database\\Connectors\\MySqlConnector->connect(Array)
#4 [internal function]: Illuminate\\Database\\Connectors\\ConnectionFactory->Illuminate\\Database\\Connectors\\{closure}()
#5 C:\\Users\\DarkAsus\\Desktop\\laravel_dist\\vendor\\laravel\\framework\\src\\Illuminate\\Database\\Connection.php(915): call_user_func(Object(Closure))
#6 C:\\Users\\DarkAsus\\Desktop\\laravel_dist\\vendor\\laravel\\framework\\src\\Illuminate\\Database\\Connection.php(940): Illuminate\\Database\\Connection->getPdo()
#7 C:\\Users\\DarkAsus\\Desktop\\laravel_dist\\vendor\\laravel\\framework\\src\\Illuminate\\Database\\Connection.php(399): Illuminate\\Database\\Connection->getReadPdo()
#8 C:\\Users\\DarkAsus\\Desktop\\laravel_dist\\vendor\\laravel\\framework\\src\\Illuminate\\Database\\Connection.php(325): Illuminate\\Database\\Connection->getPdoForSelect(true)
#9 C:\\Users\\DarkAsus\\Desktop\\laravel_dist\\vendor\\laravel\\framework\\src\\Illuminate\\Database\\Connection.php(657): Illuminate\\Database\\Connection->Illuminate\\Database\\{closure}('select * from `...', Array)
#10 C:\\Users\\DarkAsus\\Desktop\\laravel_dist\\vendor\\laravel\\framework\\src\\Illuminate\\Database\\Connection.php(624): Illuminate\\Database\\Connection->runQueryCallback('select * from `...', Array, Object(Closure))
#11 C:\\Users\\DarkAsus\\Desktop\\laravel_dist\\vendor\\laravel\\framework\\src\\Illuminate\\Database\\Connection.php(333): Illuminate\\Database\\Connection->run('select * from `...', Array, Object(Closure))
#12 C:\\Users\\DarkAsus\\Desktop\\laravel_dist\\vendor\\laravel\\framework\\src\\Illuminate\\Database\\Query\\Builder.php(1963): Illuminate\\Database\\Connection->select('select * from `...', Array, true)
#13 C:\\Users\\DarkAsus\\Desktop\\laravel_dist\\vendor\\laravel\\framework\\src\\Illuminate\\Database\\Query\\Builder.php(1951): Illuminate\\Database\\Query\\Builder->runSelect()
#14 C:\\Users\\DarkAsus\\Desktop\\laravel_dist\\vendor\\laravel\\framework\\src\\Illuminate\\Database\\Query\\Builder.php(2435): Illuminate\\Database\\Query\\Builder->Illuminate\\Database\\Query\\{closure}()
#15 C:\\Users\\DarkAsus\\Desktop\\laravel_dist\\vendor\\laravel\\framework\\src\\Illuminate\\Database\\Query\\Builder.php(1952): Illuminate\\Database\\Query\\Builder->onceWithColumns(Array, Object(Closure))
#16 C:\\Users\\DarkAsus\\Desktop\\laravel_dist\\app\\Http\\Controllers\\HomeController.php(28): Illuminate\\Database\\Query\\Builder->get()
#17 [internal function]: App\\Http\\Controllers\\HomeController->index()
#18 C:\\Users\\DarkAsus\\Desktop\\laravel_dist\\vendor\\laravel\\framework\\src\\Illuminate\\Routing\\Controller.php(54): call_user_func_array(Array, Array)
#19 C:\\Users\\DarkAsus\\Desktop\\laravel_dist\\vendor\\laravel\\framework\\src\\Illuminate\\Routing\\ControllerDispatcher.php(45): Illuminate\\Routing\\Controller->callAction('index', Array)
#20 C:\\Users\\DarkAsus\\Desktop\\laravel_dist\\vendor\\laravel\\framework\\src\\Illuminate\\Routing\\Route.php(212): Illuminate\\Routing\\ControllerDispatcher->dispatch(Object(Illuminate\\Routing\\Route), Object(App\\Http\\Controllers\\HomeController), 'index')
#21 C:\\Users\\DarkAsus\\Desktop\\laravel_dist\\vendor\\laravel\\framework\\src\\Illuminate\\Routing\\Route.php(169): Illuminate\\Routing\\Route->runController()
#22 C:\\Users\\DarkAsus\\Desktop\\laravel_dist\\vendor\\laravel\\framework\\src\\Illuminate\\Routing\\Router.php(665): Illuminate\\Routing\\Route->run()
#23 C:\\Users\\DarkAsus\\Desktop\\laravel_dist\\vendor\\laravel\\framework\\src\\Illuminate\\Routing\\Pipeline.php(30): Illuminate\\Routing\\Router->Illuminate\\Routing\\{closure}(Object(Illuminate\\Http\\Request))
#24 C:\\Users\\DarkAsus\\Desktop\\laravel_dist\\vendor\\laravel\\framework\\src\\Illuminate\\Routing\\Middleware\\SubstituteBindings.php(41): Illuminate\\Routing\\Pipeline->Illuminate\\Routing\\{closure}(Object(Illuminate\\Http\\Request))
#25 C:\\Users\\DarkAsus\\Desktop\\laravel_dist\\vendor\\laravel\\framework\\src\\Illuminate\\Pipeline\\Pipeline.php(151): Illuminate\\Routing\\Middleware\\SubstituteBindings->handle(Object(Illuminate\\Http\\Request), Object(Closure))
#26 C:\\Users\\DarkAsus\\Desktop\\laravel_dist\\vendor\\laravel\\framework\\src\\Illuminate\\Routing\\Pipeline.php(53): Illuminate\\Pipeline\\Pipeline->Illuminate\\Pipeline\\{closure}(Object(Illuminate\\Http\\Request))
#27 C:\\Users\\DarkAsus\\Desktop\\laravel_dist\\vendor\\laravel\\framework\\src\\Illuminate\\Foundation\\Http\\Middleware\\VerifyCsrfToken.php(67): Illuminate\\Routing\\Pipeline->Illuminate\\Routing\\{closure}(Object(Illuminate\\Http\\Request))
#28 C:\\Users\\DarkAsus\\Desktop\\laravel_dist\\vendor\\laravel\\framework\\src\\Illuminate\\Pipeline\\Pipeline.php(151): Illuminate\\Foundation\\Http\\Middleware\\VerifyCsrfToken->handle(Object(Illuminate\\Http\\Request), Object(Closure))
#29 C:\\Users\\DarkAsus\\Desktop\\laravel_dist\\vendor\\laravel\\framework\\src\\Illuminate\\Routing\\Pipeline.php(53): Illuminate\\Pipeline\\Pipeline->Illuminate\\Pipeline\\{closure}(Object(Illuminate\\Http\\Request))
#30 C:\\Users\\DarkAsus\\Desktop\\laravel_dist\\vendor\\laravel\\framework\\src\\Illuminate\\View\\Middleware\\ShareErrorsFromSession.php(49): Illuminate\\Routing\\Pipeline->Illuminate\\Routing\\{closure}(Object(Illuminate\\Http\\Request))
#31 C:\\Users\\DarkAsus\\Desktop\\laravel_dist\\vendor\\laravel\\framework\\src\\Illuminate\\Pipeline\\Pipeline.php(151): Illuminate\\View\\Middleware\\ShareErrorsFromSession->handle(Object(Illuminate\\Http\\Request), Object(Closure))
#32 C:\\Users\\DarkAsus\\Desktop\\laravel_dist\\vendor\\laravel\\framework\\src\\Illuminate\\Routing\\Pipeline.php(53): Illuminate\\Pipeline\\Pipeline->Illuminate\\Pipeline\\{closure}(Object(Illuminate\\Http\\Request))
#33 C:\\Users\\DarkAsus\\Desktop\\laravel_dist\\vendor\\laravel\\framework\\src\\Illuminate\\Session\\Middleware\\StartSession.php(63): Illuminate\\Routing\\Pipeline->Illuminate\\Routing\\{closure}(Object(Illuminate\\Http\\Request))
#34 C:\\Users\\DarkAsus\\Desktop\\laravel_dist\\vendor\\laravel\\framework\\src\\Illuminate\\Pipeline\\Pipeline.php(151): Illuminate\\Session\\Middleware\\StartSession->handle(Object(Illuminate\\Http\\Request), Object(Closure))
#35 C:\\Users\\DarkAsus\\Desktop\\laravel_dist\\vendor\\laravel\\framework\\src\\Illuminate\\Routing\\Pipeline.php(53): Illuminate\\Pipeline\\Pipeline->Illuminate\\Pipeline\\{closure}(Object(Illuminate\\Http\\Request))
#36 C:\\Users\\DarkAsus\\Desktop\\laravel_dist\\vendor\\laravel\\framework\\src\\Illuminate\\Cookie\\Middleware\\AddQueuedCookiesToResponse.php(37): Illuminate\\Routing\\Pipeline->Illuminate\\Routing\\{closure}(Object(Illuminate\\Http\\Request))
#37 C:\\Users\\DarkAsus\\Desktop\\laravel_dist\\vendor\\laravel\\framework\\src\\Illuminate\\Pipeline\\Pipeline.php(151): Illuminate\\Cookie\\Middleware\\AddQueuedCookiesToResponse->handle(Object(Illuminate\\Http\\Request), Object(Closure))
#38 C:\\Users\\DarkAsus\\Desktop\\laravel_dist\\vendor\\laravel\\framework\\src\\Illuminate\\Routing\\Pipeline.php(53): Illuminate\\Pipeline\\Pipeline->Illuminate\\Pipeline\\{closure}(Object(Illuminate\\Http\\Request))
#39 C:\\Users\\DarkAsus\\Desktop\\laravel_dist\\vendor\\laravel\\framework\\src\\Illuminate\\Cookie\\Middleware\\EncryptCookies.php(59): Illuminate\\Routing\\Pipeline->Illuminate\\Routing\\{closure}(Object(Illuminate\\Http\\Request))
#40 C:\\Users\\DarkAsus\\Desktop\\laravel_dist\\vendor\\laravel\\framework\\src\\Illuminate\\Pipeline\\Pipeline.php(151): Illuminate\\Cookie\\Middleware\\EncryptCookies->handle(Object(Illuminate\\Http\\Request), Object(Closure))
#41 C:\\Users\\DarkAsus\\Desktop\\laravel_dist\\vendor\\laravel\\framework\\src\\Illuminate\\Routing\\Pipeline.php(53): Illuminate\\Pipeline\\Pipeline->Illuminate\\Pipeline\\{closure}(Object(Illuminate\\Http\\Request))
#42 C:\\Users\\DarkAsus\\Desktop\\laravel_dist\\vendor\\laravel\\framework\\src\\Illuminate\\Pipeline\\Pipeline.php(104): Illuminate\\Routing\\Pipeline->Illuminate\\Routing\\{closure}(Object(Illuminate\\Http\\Request))
#43 C:\\Users\\DarkAsus\\Desktop\\laravel_dist\\vendor\\laravel\\framework\\src\\Illuminate\\Routing\\Router.php(667): Illuminate\\Pipeline\\Pipeline->then(Object(Closure))
#44 C:\\Users\\DarkAsus\\Desktop\\laravel_dist\\vendor\\laravel\\framework\\src\\Illuminate\\Routing\\Router.php(642): Illuminate\\Routing\\Router->runRouteWithinStack(Object(Illuminate\\Routing\\Route), Object(Illuminate\\Http\\Request))
#45 C:\\Users\\DarkAsus\\Desktop\\laravel_dist\\vendor\\laravel\\framework\\src\\Illuminate\\Routing\\Router.php(608): Illuminate\\Routing\\Router->runRoute(Object(Illuminate\\Http\\Request), Object(Illuminate\\Routing\\Route))
#46 C:\\Users\\DarkAsus\\Desktop\\laravel_dist\\vendor\\laravel\\framework\\src\\Illuminate\\Routing\\Router.php(597): Illuminate\\Routing\\Router->dispatchToRoute(Object(Illuminate\\Http\\Request))
#47 C:\\Users\\DarkAsus\\Desktop\\laravel_dist\\vendor\\laravel\\framework\\src\\Illuminate\\Foundation\\Http\\Kernel.php(176): Illuminate\\Routing\\Router->dispatch(Object(Illuminate\\Http\\Request))
#48 C:\\Users\\DarkAsus\\Desktop\\laravel_dist\\vendor\\laravel\\framework\\src\\Illuminate\\Routing\\Pipeline.php(30): Illuminate\\Foundation\\Http\\Kernel->Illuminate\\Foundation\\Http\\{closure}(Object(Illuminate\\Http\\Request))
#49 C:\\Users\\DarkAsus\\Desktop\\laravel_dist\\vendor\\fideloper\\proxy\\src\\TrustProxies.php(57): Illuminate\\Routing\\Pipeline->Illuminate\\Routing\\{closure}(Object(Illuminate\\Http\\Request))
#50 C:\\Users\\DarkAsus\\Desktop\\laravel_dist\\vendor\\laravel\\framework\\src\\Illuminate\\Pipeline\\Pipeline.php(151): Fideloper\\Proxy\\TrustProxies->handle(Object(Illuminate\\Http\\Request), Object(Closure))
#51 C:\\Users\\DarkAsus\\Desktop\\laravel_dist\\vendor\\laravel\\framework\\src\\Illuminate\\Routing\\Pipeline.php(53): Illuminate\\Pipeline\\Pipeline->Illuminate\\Pipeline\\{closure}(Object(Illuminate\\Http\\Request))
#52 C:\\Users\\DarkAsus\\Desktop\\laravel_dist\\vendor\\laravel\\framework\\src\\Illuminate\\Foundation\\Http\\Middleware\\TransformsRequest.php(31): Illuminate\\Routing\\Pipeline->Illuminate\\Routing\\{closure}(Object(Illuminate\\Http\\Request))
#53 C:\\Users\\DarkAsus\\Desktop\\laravel_dist\\vendor\\laravel\\framework\\src\\Illuminate\\Pipeline\\Pipeline.php(151): Illuminate\\Foundation\\Http\\Middleware\\TransformsRequest->handle(Object(Illuminate\\Http\\Request), Object(Closure))
#54 C:\\Users\\DarkAsus\\Desktop\\laravel_dist\\vendor\\laravel\\framework\\src\\Illuminate\\Routing\\Pipeline.php(53): Illuminate\\Pipeline\\Pipeline->Illuminate\\Pipeline\\{closure}(Object(Illuminate\\Http\\Request))
#55 C:\\Users\\DarkAsus\\Desktop\\laravel_dist\\vendor\\laravel\\framework\\src\\Illuminate\\Foundation\\Http\\Middleware\\TransformsRequest.php(31): Illuminate\\Routing\\Pipeline->Illuminate\\Routing\\{closure}(Object(Illuminate\\Http\\Request))
#56 C:\\Users\\DarkAsus\\Desktop\\laravel_dist\\vendor\\laravel\\framework\\src\\Illuminate\\Pipeline\\Pipeline.php(151): Illuminate\\Foundation\\Http\\Middleware\\TransformsRequest->handle(Object(Illuminate\\Http\\Request), Object(Closure))
#57 C:\\Users\\DarkAsus\\Desktop\\laravel_dist\\vendor\\laravel\\framework\\src\\Illuminate\\Routing\\Pipeline.php(53): Illuminate\\Pipeline\\Pipeline->Illuminate\\Pipeline\\{closure}(Object(Illuminate\\Http\\Request))
#58 C:\\Users\\DarkAsus\\Desktop\\laravel_dist\\vendor\\laravel\\framework\\src\\Illuminate\\Foundation\\Http\\Middleware\\ValidatePostSize.php(27): Illuminate\\Routing\\Pipeline->Illuminate\\Routing\\{closure}(Object(Illuminate\\Http\\Request))
#59 C:\\Users\\DarkAsus\\Desktop\\laravel_dist\\vendor\\laravel\\framework\\src\\Illuminate\\Pipeline\\Pipeline.php(151): Illuminate\\Foundation\\Http\\Middleware\\ValidatePostSize->handle(Object(Illuminate\\Http\\Request), Object(Closure))
#60 C:\\Users\\DarkAsus\\Desktop\\laravel_dist\\vendor\\laravel\\framework\\src\\Illuminate\\Routing\\Pipeline.php(53): Illuminate\\Pipeline\\Pipeline->Illuminate\\Pipeline\\{closure}(Object(Illuminate\\Http\\Request))
#61 C:\\Users\\DarkAsus\\Desktop\\laravel_dist\\vendor\\laravel\\framework\\src\\Illuminate\\Foundation\\Http\\Middleware\\CheckForMaintenanceMode.php(62): Illuminate\\Routing\\Pipeline->Illuminate\\Routing\\{closure}(Object(Illuminate\\Http\\Request))
#62 C:\\Users\\DarkAsus\\Desktop\\laravel_dist\\vendor\\laravel\\framework\\src\\Illuminate\\Pipeline\\Pipeline.php(151): Illuminate\\Foundation\\Http\\Middleware\\CheckForMaintenanceMode->handle(Object(Illuminate\\Http\\Request), Object(Closure))
#63 C:\\Users\\DarkAsus\\Desktop\\laravel_dist\\vendor\\laravel\\framework\\src\\Illuminate\\Routing\\Pipeline.php(53): Illuminate\\Pipeline\\Pipeline->Illuminate\\Pipeline\\{closure}(Object(Illuminate\\Http\\Request))
#64 C:\\Users\\DarkAsus\\Desktop\\laravel_dist\\vendor\\laravel\\framework\\src\\Illuminate\\Pipeline\\Pipeline.php(104): Illuminate\\Routing\\Pipeline->Illuminate\\Routing\\{closure}(Object(Illuminate\\Http\\Request))
#65 C:\\Users\\DarkAsus\\Desktop\\laravel_dist\\vendor\\laravel\\framework\\src\\Illuminate\\Foundation\\Http\\Kernel.php(151): Illuminate\\Pipeline\\Pipeline->then(Object(Closure))
#66 C:\\Users\\DarkAsus\\Desktop\\laravel_dist\\vendor\\laravel\\framework\\src\\Illuminate\\Foundation\\Http\\Kernel.php(116): Illuminate\\Foundation\\Http\\Kernel->sendRequestThroughRouter(Object(Illuminate\\Http\\Request))
#67 C:\\Users\\DarkAsus\\Desktop\\laravel_dist\\public\\index.php(55): Illuminate\\Foundation\\Http\\Kernel->handle(Object(Illuminate\\Http\\Request))
#68 C:\\Users\\DarkAsus\\Desktop\\laravel_dist\\server.php(21): require_once('C:\\\\Users\\\\DarkAs...')
#69 {main}
"} 
[2018-07-15 21:04:50] local.ERROR: SQLSTATE[HY000] [1130] Host 'DESKTOP-H00MB01' is not allowed to connect to this MariaDB server (SQL: select * from `usuario`) {"exception":"[object] (Illuminate\\Database\\QueryException(code: 1130): SQLSTATE[HY000] [1130] Host 'DESKTOP-H00MB01' is not allowed to connect to this MariaDB server (SQL: select * from `usuario`) at C:\\Users\\DarkAsus\\Desktop\\laravel_dist\\vendor\\laravel\\framework\\src\\Illuminate\\Database\\Connection.php:664, PDOException(code: 1130): SQLSTATE[HY000] [1130] Host 'DESKTOP-H00MB01' is not allowed to connect to this MariaDB server at C:\\Users\\DarkAsus\\Desktop\\laravel_dist\\vendor\\laravel\\framework\\src\\Illuminate\\Database\\Connectors\\Connector.php:68)
[stacktrace]
#0 C:\\Users\\DarkAsus\\Desktop\\laravel_dist\\vendor\\laravel\\framework\\src\\Illuminate\\Database\\Connection.php(624): Illuminate\\Database\\Connection->runQueryCallback('select * from `...', Array, Object(Closure))
#1 C:\\Users\\DarkAsus\\Desktop\\laravel_dist\\vendor\\laravel\\framework\\src\\Illuminate\\Database\\Connection.php(333): Illuminate\\Database\\Connection->run('select * from `...', Array, Object(Closure))
#2 C:\\Users\\DarkAsus\\Desktop\\laravel_dist\\vendor\\laravel\\framework\\src\\Illuminate\\Database\\Query\\Builder.php(1963): Illuminate\\Database\\Connection->select('select * from `...', Array, true)
#3 C:\\Users\\DarkAsus\\Desktop\\laravel_dist\\vendor\\laravel\\framework\\src\\Illuminate\\Database\\Query\\Builder.php(1951): Illuminate\\Database\\Query\\Builder->runSelect()
#4 C:\\Users\\DarkAsus\\Desktop\\laravel_dist\\vendor\\laravel\\framework\\src\\Illuminate\\Database\\Query\\Builder.php(2435): Illuminate\\Database\\Query\\Builder->Illuminate\\Database\\Query\\{closure}()
#5 C:\\Users\\DarkAsus\\Desktop\\laravel_dist\\vendor\\laravel\\framework\\src\\Illuminate\\Database\\Query\\Builder.php(1952): Illuminate\\Database\\Query\\Builder->onceWithColumns(Array, Object(Closure))
#6 C:\\Users\\DarkAsus\\Desktop\\laravel_dist\\app\\Http\\Controllers\\HomeController.php(28): Illuminate\\Database\\Query\\Builder->get()
#7 [internal function]: App\\Http\\Controllers\\HomeController->index()
#8 C:\\Users\\DarkAsus\\Desktop\\laravel_dist\\vendor\\laravel\\framework\\src\\Illuminate\\Routing\\Controller.php(54): call_user_func_array(Array, Array)
#9 C:\\Users\\DarkAsus\\Desktop\\laravel_dist\\vendor\\laravel\\framework\\src\\Illuminate\\Routing\\ControllerDispatcher.php(45): Illuminate\\Routing\\Controller->callAction('index', Array)
#10 C:\\Users\\DarkAsus\\Desktop\\laravel_dist\\vendor\\laravel\\framework\\src\\Illuminate\\Routing\\Route.php(212): Illuminate\\Routing\\ControllerDispatcher->dispatch(Object(Illuminate\\Routing\\Route), Object(App\\Http\\Controllers\\HomeController), 'index')
#11 C:\\Users\\DarkAsus\\Desktop\\laravel_dist\\vendor\\laravel\\framework\\src\\Illuminate\\Routing\\Route.php(169): Illuminate\\Routing\\Route->runController()
#12 C:\\Users\\DarkAsus\\Desktop\\laravel_dist\\vendor\\laravel\\framework\\src\\Illuminate\\Routing\\Router.php(665): Illuminate\\Routing\\Route->run()
#13 C:\\Users\\DarkAsus\\Desktop\\laravel_dist\\vendor\\laravel\\framework\\src\\Illuminate\\Routing\\Pipeline.php(30): Illuminate\\Routing\\Router->Illuminate\\Routing\\{closure}(Object(Illuminate\\Http\\Request))
#14 C:\\Users\\DarkAsus\\Desktop\\laravel_dist\\vendor\\laravel\\framework\\src\\Illuminate\\Routing\\Middleware\\SubstituteBindings.php(41): Illuminate\\Routing\\Pipeline->Illuminate\\Routing\\{closure}(Object(Illuminate\\Http\\Request))
#15 C:\\Users\\DarkAsus\\Desktop\\laravel_dist\\vendor\\laravel\\framework\\src\\Illuminate\\Pipeline\\Pipeline.php(151): Illuminate\\Routing\\Middleware\\SubstituteBindings->handle(Object(Illuminate\\Http\\Request), Object(Closure))
#16 C:\\Users\\DarkAsus\\Desktop\\laravel_dist\\vendor\\laravel\\framework\\src\\Illuminate\\Routing\\Pipeline.php(53): Illuminate\\Pipeline\\Pipeline->Illuminate\\Pipeline\\{closure}(Object(Illuminate\\Http\\Request))
#17 C:\\Users\\DarkAsus\\Desktop\\laravel_dist\\vendor\\laravel\\framework\\src\\Illuminate\\Foundation\\Http\\Middleware\\VerifyCsrfToken.php(67): Illuminate\\Routing\\Pipeline->Illuminate\\Routing\\{closure}(Object(Illuminate\\Http\\Request))
#18 C:\\Users\\DarkAsus\\Desktop\\laravel_dist\\vendor\\laravel\\framework\\src\\Illuminate\\Pipeline\\Pipeline.php(151): Illuminate\\Foundation\\Http\\Middleware\\VerifyCsrfToken->handle(Object(Illuminate\\Http\\Request), Object(Closure))
#19 C:\\Users\\DarkAsus\\Desktop\\laravel_dist\\vendor\\laravel\\framework\\src\\Illuminate\\Routing\\Pipeline.php(53): Illuminate\\Pipeline\\Pipeline->Illuminate\\Pipeline\\{closure}(Object(Illuminate\\Http\\Request))
#20 C:\\Users\\DarkAsus\\Desktop\\laravel_dist\\vendor\\laravel\\framework\\src\\Illuminate\\View\\Middleware\\ShareErrorsFromSession.php(49): Illuminate\\Routing\\Pipeline->Illuminate\\Routing\\{closure}(Object(Illuminate\\Http\\Request))
#21 C:\\Users\\DarkAsus\\Desktop\\laravel_dist\\vendor\\laravel\\framework\\src\\Illuminate\\Pipeline\\Pipeline.php(151): Illuminate\\View\\Middleware\\ShareErrorsFromSession->handle(Object(Illuminate\\Http\\Request), Object(Closure))
#22 C:\\Users\\DarkAsus\\Desktop\\laravel_dist\\vendor\\laravel\\framework\\src\\Illuminate\\Routing\\Pipeline.php(53): Illuminate\\Pipeline\\Pipeline->Illuminate\\Pipeline\\{closure}(Object(Illuminate\\Http\\Request))
#23 C:\\Users\\DarkAsus\\Desktop\\laravel_dist\\vendor\\laravel\\framework\\src\\Illuminate\\Session\\Middleware\\StartSession.php(63): Illuminate\\Routing\\Pipeline->Illuminate\\Routing\\{closure}(Object(Illuminate\\Http\\Request))
#24 C:\\Users\\DarkAsus\\Desktop\\laravel_dist\\vendor\\laravel\\framework\\src\\Illuminate\\Pipeline\\Pipeline.php(151): Illuminate\\Session\\Middleware\\StartSession->handle(Object(Illuminate\\Http\\Request), Object(Closure))
#25 C:\\Users\\DarkAsus\\Desktop\\laravel_dist\\vendor\\laravel\\framework\\src\\Illuminate\\Routing\\Pipeline.php(53): Illuminate\\Pipeline\\Pipeline->Illuminate\\Pipeline\\{closure}(Object(Illuminate\\Http\\Request))
#26 C:\\Users\\DarkAsus\\Desktop\\laravel_dist\\vendor\\laravel\\framework\\src\\Illuminate\\Cookie\\Middleware\\AddQueuedCookiesToResponse.php(37): Illuminate\\Routing\\Pipeline->Illuminate\\Routing\\{closure}(Object(Illuminate\\Http\\Request))
#27 C:\\Users\\DarkAsus\\Desktop\\laravel_dist\\vendor\\laravel\\framework\\src\\Illuminate\\Pipeline\\Pipeline.php(151): Illuminate\\Cookie\\Middleware\\AddQueuedCookiesToResponse->handle(Object(Illuminate\\Http\\Request), Object(Closure))
#28 C:\\Users\\DarkAsus\\Desktop\\laravel_dist\\vendor\\laravel\\framework\\src\\Illuminate\\Routing\\Pipeline.php(53): Illuminate\\Pipeline\\Pipeline->Illuminate\\Pipeline\\{closure}(Object(Illuminate\\Http\\Request))
#29 C:\\Users\\DarkAsus\\Desktop\\laravel_dist\\vendor\\laravel\\framework\\src\\Illuminate\\Cookie\\Middleware\\EncryptCookies.php(59): Illuminate\\Routing\\Pipeline->Illuminate\\Routing\\{closure}(Object(Illuminate\\Http\\Request))
#30 C:\\Users\\DarkAsus\\Desktop\\laravel_dist\\vendor\\laravel\\framework\\src\\Illuminate\\Pipeline\\Pipeline.php(151): Illuminate\\Cookie\\Middleware\\EncryptCookies->handle(Object(Illuminate\\Http\\Request), Object(Closure))
#31 C:\\Users\\DarkAsus\\Desktop\\laravel_dist\\vendor\\laravel\\framework\\src\\Illuminate\\Routing\\Pipeline.php(53): Illuminate\\Pipeline\\Pipeline->Illuminate\\Pipeline\\{closure}(Object(Illuminate\\Http\\Request))
#32 C:\\Users\\DarkAsus\\Desktop\\laravel_dist\\vendor\\laravel\\framework\\src\\Illuminate\\Pipeline\\Pipeline.php(104): Illuminate\\Routing\\Pipeline->Illuminate\\Routing\\{closure}(Object(Illuminate\\Http\\Request))
#33 C:\\Users\\DarkAsus\\Desktop\\laravel_dist\\vendor\\laravel\\framework\\src\\Illuminate\\Routing\\Router.php(667): Illuminate\\Pipeline\\Pipeline->then(Object(Closure))
#34 C:\\Users\\DarkAsus\\Desktop\\laravel_dist\\vendor\\laravel\\framework\\src\\Illuminate\\Routing\\Router.php(642): Illuminate\\Routing\\Router->runRouteWithinStack(Object(Illuminate\\Routing\\Route), Object(Illuminate\\Http\\Request))
#35 C:\\Users\\DarkAsus\\Desktop\\laravel_dist\\vendor\\laravel\\framework\\src\\Illuminate\\Routing\\Router.php(608): Illuminate\\Routing\\Router->runRoute(Object(Illuminate\\Http\\Request), Object(Illuminate\\Routing\\Route))
#36 C:\\Users\\DarkAsus\\Desktop\\laravel_dist\\vendor\\laravel\\framework\\src\\Illuminate\\Routing\\Router.php(597): Illuminate\\Routing\\Router->dispatchToRoute(Object(Illuminate\\Http\\Request))
#37 C:\\Users\\DarkAsus\\Desktop\\laravel_dist\\vendor\\laravel\\framework\\src\\Illuminate\\Foundation\\Http\\Kernel.php(176): Illuminate\\Routing\\Router->dispatch(Object(Illuminate\\Http\\Request))
#38 C:\\Users\\DarkAsus\\Desktop\\laravel_dist\\vendor\\laravel\\framework\\src\\Illuminate\\Routing\\Pipeline.php(30): Illuminate\\Foundation\\Http\\Kernel->Illuminate\\Foundation\\Http\\{closure}(Object(Illuminate\\Http\\Request))
#39 C:\\Users\\DarkAsus\\Desktop\\laravel_dist\\vendor\\fideloper\\proxy\\src\\TrustProxies.php(57): Illuminate\\Routing\\Pipeline->Illuminate\\Routing\\{closure}(Object(Illuminate\\Http\\Request))
#40 C:\\Users\\DarkAsus\\Desktop\\laravel_dist\\vendor\\laravel\\framework\\src\\Illuminate\\Pipeline\\Pipeline.php(151): Fideloper\\Proxy\\TrustProxies->handle(Object(Illuminate\\Http\\Request), Object(Closure))
#41 C:\\Users\\DarkAsus\\Desktop\\laravel_dist\\vendor\\laravel\\framework\\src\\Illuminate\\Routing\\Pipeline.php(53): Illuminate\\Pipeline\\Pipeline->Illuminate\\Pipeline\\{closure}(Object(Illuminate\\Http\\Request))
#42 C:\\Users\\DarkAsus\\Desktop\\laravel_dist\\vendor\\laravel\\framework\\src\\Illuminate\\Foundation\\Http\\Middleware\\TransformsRequest.php(31): Illuminate\\Routing\\Pipeline->Illuminate\\Routing\\{closure}(Object(Illuminate\\Http\\Request))
#43 C:\\Users\\DarkAsus\\Desktop\\laravel_dist\\vendor\\laravel\\framework\\src\\Illuminate\\Pipeline\\Pipeline.php(151): Illuminate\\Foundation\\Http\\Middleware\\TransformsRequest->handle(Object(Illuminate\\Http\\Request), Object(Closure))
#44 C:\\Users\\DarkAsus\\Desktop\\laravel_dist\\vendor\\laravel\\framework\\src\\Illuminate\\Routing\\Pipeline.php(53): Illuminate\\Pipeline\\Pipeline->Illuminate\\Pipeline\\{closure}(Object(Illuminate\\Http\\Request))
#45 C:\\Users\\DarkAsus\\Desktop\\laravel_dist\\vendor\\laravel\\framework\\src\\Illuminate\\Foundation\\Http\\Middleware\\TransformsRequest.php(31): Illuminate\\Routing\\Pipeline->Illuminate\\Routing\\{closure}(Object(Illuminate\\Http\\Request))
#46 C:\\Users\\DarkAsus\\Desktop\\laravel_dist\\vendor\\laravel\\framework\\src\\Illuminate\\Pipeline\\Pipeline.php(151): Illuminate\\Foundation\\Http\\Middleware\\TransformsRequest->handle(Object(Illuminate\\Http\\Request), Object(Closure))
#47 C:\\Users\\DarkAsus\\Desktop\\laravel_dist\\vendor\\laravel\\framework\\src\\Illuminate\\Routing\\Pipeline.php(53): Illuminate\\Pipeline\\Pipeline->Illuminate\\Pipeline\\{closure}(Object(Illuminate\\Http\\Request))
#48 C:\\Users\\DarkAsus\\Desktop\\laravel_dist\\vendor\\laravel\\framework\\src\\Illuminate\\Foundation\\Http\\Middleware\\ValidatePostSize.php(27): Illuminate\\Routing\\Pipeline->Illuminate\\Routing\\{closure}(Object(Illuminate\\Http\\Request))
#49 C:\\Users\\DarkAsus\\Desktop\\laravel_dist\\vendor\\laravel\\framework\\src\\Illuminate\\Pipeline\\Pipeline.php(151): Illuminate\\Foundation\\Http\\Middleware\\ValidatePostSize->handle(Object(Illuminate\\Http\\Request), Object(Closure))
#50 C:\\Users\\DarkAsus\\Desktop\\laravel_dist\\vendor\\laravel\\framework\\src\\Illuminate\\Routing\\Pipeline.php(53): Illuminate\\Pipeline\\Pipeline->Illuminate\\Pipeline\\{closure}(Object(Illuminate\\Http\\Request))
#51 C:\\Users\\DarkAsus\\Desktop\\laravel_dist\\vendor\\laravel\\framework\\src\\Illuminate\\Foundation\\Http\\Middleware\\CheckForMaintenanceMode.php(62): Illuminate\\Routing\\Pipeline->Illuminate\\Routing\\{closure}(Object(Illuminate\\Http\\Request))
#52 C:\\Users\\DarkAsus\\Desktop\\laravel_dist\\vendor\\laravel\\framework\\src\\Illuminate\\Pipeline\\Pipeline.php(151): Illuminate\\Foundation\\Http\\Middleware\\CheckForMaintenanceMode->handle(Object(Illuminate\\Http\\Request), Object(Closure))
#53 C:\\Users\\DarkAsus\\Desktop\\laravel_dist\\vendor\\laravel\\framework\\src\\Illuminate\\Routing\\Pipeline.php(53): Illuminate\\Pipeline\\Pipeline->Illuminate\\Pipeline\\{closure}(Object(Illuminate\\Http\\Request))
#54 C:\\Users\\DarkAsus\\Desktop\\laravel_dist\\vendor\\laravel\\framework\\src\\Illuminate\\Pipeline\\Pipeline.php(104): Illuminate\\Routing\\Pipeline->Illuminate\\Routing\\{closure}(Object(Illuminate\\Http\\Request))
#55 C:\\Users\\DarkAsus\\Desktop\\laravel_dist\\vendor\\laravel\\framework\\src\\Illuminate\\Foundation\\Http\\Kernel.php(151): Illuminate\\Pipeline\\Pipeline->then(Object(Closure))
#56 C:\\Users\\DarkAsus\\Desktop\\laravel_dist\\vendor\\laravel\\framework\\src\\Illuminate\\Foundation\\Http\\Kernel.php(116): Illuminate\\Foundation\\Http\\Kernel->sendRequestThroughRouter(Object(Illuminate\\Http\\Request))
#57 C:\\Users\\DarkAsus\\Desktop\\laravel_dist\\public\\index.php(55): Illuminate\\Foundation\\Http\\Kernel->handle(Object(Illuminate\\Http\\Request))
#58 C:\\Users\\DarkAsus\\Desktop\\laravel_dist\\server.php(21): require_once('C:\\\\Users\\\\DarkAs...')
#59 {main}
"} 
[2018-07-15 21:04:57] local.ERROR: SQLSTATE[HY000] [1130] Host 'DESKTOP-H00MB01' is not allowed to connect to this MariaDB server {"exception":"[object] (PDOException(code: 1130): SQLSTATE[HY000] [1130] Host 'DESKTOP-H00MB01' is not allowed to connect to this MariaDB server at C:\\Users\\DarkAsus\\Desktop\\laravel_dist\\vendor\\laravel\\framework\\src\\Illuminate\\Database\\Connectors\\Connector.php:68)
[stacktrace]
#0 C:\\Users\\DarkAsus\\Desktop\\laravel_dist\\vendor\\laravel\\framework\\src\\Illuminate\\Database\\Connectors\\Connector.php(68): PDO->__construct('mysql:host=192....', 'root', '', Array)
#1 C:\\Users\\DarkAsus\\Desktop\\laravel_dist\\vendor\\laravel\\framework\\src\\Illuminate\\Database\\Connectors\\Connector.php(44): Illuminate\\Database\\Connectors\\Connector->createPdoConnection('mysql:host=192....', 'root', '', Array)
#2 C:\\Users\\DarkAsus\\Desktop\\laravel_dist\\vendor\\laravel\\framework\\src\\Illuminate\\Database\\Connectors\\MySqlConnector.php(24): Illuminate\\Database\\Connectors\\Connector->createConnection('mysql:host=192....', Array, Array)
#3 C:\\Users\\DarkAsus\\Desktop\\laravel_dist\\vendor\\laravel\\framework\\src\\Illuminate\\Database\\Connectors\\ConnectionFactory.php(183): Illuminate\\Database\\Connectors\\MySqlConnector->connect(Array)
#4 [internal function]: Illuminate\\Database\\Connectors\\ConnectionFactory->Illuminate\\Database\\Connectors\\{closure}()
#5 C:\\Users\\DarkAsus\\Desktop\\laravel_dist\\vendor\\laravel\\framework\\src\\Illuminate\\Database\\Connection.php(915): call_user_func(Object(Closure))
#6 C:\\Users\\DarkAsus\\Desktop\\laravel_dist\\vendor\\laravel\\framework\\src\\Illuminate\\Database\\Connection.php(940): Illuminate\\Database\\Connection->getPdo()
#7 C:\\Users\\DarkAsus\\Desktop\\laravel_dist\\vendor\\laravel\\framework\\src\\Illuminate\\Database\\Connection.php(399): Illuminate\\Database\\Connection->getReadPdo()
#8 C:\\Users\\DarkAsus\\Desktop\\laravel_dist\\vendor\\laravel\\framework\\src\\Illuminate\\Database\\Connection.php(325): Illuminate\\Database\\Connection->getPdoForSelect(true)
#9 C:\\Users\\DarkAsus\\Desktop\\laravel_dist\\vendor\\laravel\\framework\\src\\Illuminate\\Database\\Connection.php(657): Illuminate\\Database\\Connection->Illuminate\\Database\\{closure}('select * from `...', Array)
#10 C:\\Users\\DarkAsus\\Desktop\\laravel_dist\\vendor\\laravel\\framework\\src\\Illuminate\\Database\\Connection.php(624): Illuminate\\Database\\Connection->runQueryCallback('select * from `...', Array, Object(Closure))
#11 C:\\Users\\DarkAsus\\Desktop\\laravel_dist\\vendor\\laravel\\framework\\src\\Illuminate\\Database\\Connection.php(333): Illuminate\\Database\\Connection->run('select * from `...', Array, Object(Closure))
#12 C:\\Users\\DarkAsus\\Desktop\\laravel_dist\\vendor\\laravel\\framework\\src\\Illuminate\\Database\\Query\\Builder.php(1963): Illuminate\\Database\\Connection->select('select * from `...', Array, true)
#13 C:\\Users\\DarkAsus\\Desktop\\laravel_dist\\vendor\\laravel\\framework\\src\\Illuminate\\Database\\Query\\Builder.php(1951): Illuminate\\Database\\Query\\Builder->runSelect()
#14 C:\\Users\\DarkAsus\\Desktop\\laravel_dist\\vendor\\laravel\\framework\\src\\Illuminate\\Database\\Query\\Builder.php(2435): Illuminate\\Database\\Query\\Builder->Illuminate\\Database\\Query\\{closure}()
#15 C:\\Users\\DarkAsus\\Desktop\\laravel_dist\\vendor\\laravel\\framework\\src\\Illuminate\\Database\\Query\\Builder.php(1952): Illuminate\\Database\\Query\\Builder->onceWithColumns(Array, Object(Closure))
#16 C:\\Users\\DarkAsus\\Desktop\\laravel_dist\\app\\Http\\Controllers\\HomeController.php(28): Illuminate\\Database\\Query\\Builder->get()
#17 [internal function]: App\\Http\\Controllers\\HomeController->index()
#18 C:\\Users\\DarkAsus\\Desktop\\laravel_dist\\vendor\\laravel\\framework\\src\\Illuminate\\Routing\\Controller.php(54): call_user_func_array(Array, Array)
#19 C:\\Users\\DarkAsus\\Desktop\\laravel_dist\\vendor\\laravel\\framework\\src\\Illuminate\\Routing\\ControllerDispatcher.php(45): Illuminate\\Routing\\Controller->callAction('index', Array)
#20 C:\\Users\\DarkAsus\\Desktop\\laravel_dist\\vendor\\laravel\\framework\\src\\Illuminate\\Routing\\Route.php(212): Illuminate\\Routing\\ControllerDispatcher->dispatch(Object(Illuminate\\Routing\\Route), Object(App\\Http\\Controllers\\HomeController), 'index')
#21 C:\\Users\\DarkAsus\\Desktop\\laravel_dist\\vendor\\laravel\\framework\\src\\Illuminate\\Routing\\Route.php(169): Illuminate\\Routing\\Route->runController()
#22 C:\\Users\\DarkAsus\\Desktop\\laravel_dist\\vendor\\laravel\\framework\\src\\Illuminate\\Routing\\Router.php(665): Illuminate\\Routing\\Route->run()
#23 C:\\Users\\DarkAsus\\Desktop\\laravel_dist\\vendor\\laravel\\framework\\src\\Illuminate\\Routing\\Pipeline.php(30): Illuminate\\Routing\\Router->Illuminate\\Routing\\{closure}(Object(Illuminate\\Http\\Request))
#24 C:\\Users\\DarkAsus\\Desktop\\laravel_dist\\vendor\\laravel\\framework\\src\\Illuminate\\Routing\\Middleware\\SubstituteBindings.php(41): Illuminate\\Routing\\Pipeline->Illuminate\\Routing\\{closure}(Object(Illuminate\\Http\\Request))
#25 C:\\Users\\DarkAsus\\Desktop\\laravel_dist\\vendor\\laravel\\framework\\src\\Illuminate\\Pipeline\\Pipeline.php(151): Illuminate\\Routing\\Middleware\\SubstituteBindings->handle(Object(Illuminate\\Http\\Request), Object(Closure))
#26 C:\\Users\\DarkAsus\\Desktop\\laravel_dist\\vendor\\laravel\\framework\\src\\Illuminate\\Routing\\Pipeline.php(53): Illuminate\\Pipeline\\Pipeline->Illuminate\\Pipeline\\{closure}(Object(Illuminate\\Http\\Request))
#27 C:\\Users\\DarkAsus\\Desktop\\laravel_dist\\vendor\\laravel\\framework\\src\\Illuminate\\Foundation\\Http\\Middleware\\VerifyCsrfToken.php(67): Illuminate\\Routing\\Pipeline->Illuminate\\Routing\\{closure}(Object(Illuminate\\Http\\Request))
#28 C:\\Users\\DarkAsus\\Desktop\\laravel_dist\\vendor\\laravel\\framework\\src\\Illuminate\\Pipeline\\Pipeline.php(151): Illuminate\\Foundation\\Http\\Middleware\\VerifyCsrfToken->handle(Object(Illuminate\\Http\\Request), Object(Closure))
#29 C:\\Users\\DarkAsus\\Desktop\\laravel_dist\\vendor\\laravel\\framework\\src\\Illuminate\\Routing\\Pipeline.php(53): Illuminate\\Pipeline\\Pipeline->Illuminate\\Pipeline\\{closure}(Object(Illuminate\\Http\\Request))
#30 C:\\Users\\DarkAsus\\Desktop\\laravel_dist\\vendor\\laravel\\framework\\src\\Illuminate\\View\\Middleware\\ShareErrorsFromSession.php(49): Illuminate\\Routing\\Pipeline->Illuminate\\Routing\\{closure}(Object(Illuminate\\Http\\Request))
#31 C:\\Users\\DarkAsus\\Desktop\\laravel_dist\\vendor\\laravel\\framework\\src\\Illuminate\\Pipeline\\Pipeline.php(151): Illuminate\\View\\Middleware\\ShareErrorsFromSession->handle(Object(Illuminate\\Http\\Request), Object(Closure))
#32 C:\\Users\\DarkAsus\\Desktop\\laravel_dist\\vendor\\laravel\\framework\\src\\Illuminate\\Routing\\Pipeline.php(53): Illuminate\\Pipeline\\Pipeline->Illuminate\\Pipeline\\{closure}(Object(Illuminate\\Http\\Request))
#33 C:\\Users\\DarkAsus\\Desktop\\laravel_dist\\vendor\\laravel\\framework\\src\\Illuminate\\Session\\Middleware\\StartSession.php(63): Illuminate\\Routing\\Pipeline->Illuminate\\Routing\\{closure}(Object(Illuminate\\Http\\Request))
#34 C:\\Users\\DarkAsus\\Desktop\\laravel_dist\\vendor\\laravel\\framework\\src\\Illuminate\\Pipeline\\Pipeline.php(151): Illuminate\\Session\\Middleware\\StartSession->handle(Object(Illuminate\\Http\\Request), Object(Closure))
#35 C:\\Users\\DarkAsus\\Desktop\\laravel_dist\\vendor\\laravel\\framework\\src\\Illuminate\\Routing\\Pipeline.php(53): Illuminate\\Pipeline\\Pipeline->Illuminate\\Pipeline\\{closure}(Object(Illuminate\\Http\\Request))
#36 C:\\Users\\DarkAsus\\Desktop\\laravel_dist\\vendor\\laravel\\framework\\src\\Illuminate\\Cookie\\Middleware\\AddQueuedCookiesToResponse.php(37): Illuminate\\Routing\\Pipeline->Illuminate\\Routing\\{closure}(Object(Illuminate\\Http\\Request))
#37 C:\\Users\\DarkAsus\\Desktop\\laravel_dist\\vendor\\laravel\\framework\\src\\Illuminate\\Pipeline\\Pipeline.php(151): Illuminate\\Cookie\\Middleware\\AddQueuedCookiesToResponse->handle(Object(Illuminate\\Http\\Request), Object(Closure))
#38 C:\\Users\\DarkAsus\\Desktop\\laravel_dist\\vendor\\laravel\\framework\\src\\Illuminate\\Routing\\Pipeline.php(53): Illuminate\\Pipeline\\Pipeline->Illuminate\\Pipeline\\{closure}(Object(Illuminate\\Http\\Request))
#39 C:\\Users\\DarkAsus\\Desktop\\laravel_dist\\vendor\\laravel\\framework\\src\\Illuminate\\Cookie\\Middleware\\EncryptCookies.php(59): Illuminate\\Routing\\Pipeline->Illuminate\\Routing\\{closure}(Object(Illuminate\\Http\\Request))
#40 C:\\Users\\DarkAsus\\Desktop\\laravel_dist\\vendor\\laravel\\framework\\src\\Illuminate\\Pipeline\\Pipeline.php(151): Illuminate\\Cookie\\Middleware\\EncryptCookies->handle(Object(Illuminate\\Http\\Request), Object(Closure))
#41 C:\\Users\\DarkAsus\\Desktop\\laravel_dist\\vendor\\laravel\\framework\\src\\Illuminate\\Routing\\Pipeline.php(53): Illuminate\\Pipeline\\Pipeline->Illuminate\\Pipeline\\{closure}(Object(Illuminate\\Http\\Request))
#42 C:\\Users\\DarkAsus\\Desktop\\laravel_dist\\vendor\\laravel\\framework\\src\\Illuminate\\Pipeline\\Pipeline.php(104): Illuminate\\Routing\\Pipeline->Illuminate\\Routing\\{closure}(Object(Illuminate\\Http\\Request))
#43 C:\\Users\\DarkAsus\\Desktop\\laravel_dist\\vendor\\laravel\\framework\\src\\Illuminate\\Routing\\Router.php(667): Illuminate\\Pipeline\\Pipeline->then(Object(Closure))
#44 C:\\Users\\DarkAsus\\Desktop\\laravel_dist\\vendor\\laravel\\framework\\src\\Illuminate\\Routing\\Router.php(642): Illuminate\\Routing\\Router->runRouteWithinStack(Object(Illuminate\\Routing\\Route), Object(Illuminate\\Http\\Request))
#45 C:\\Users\\DarkAsus\\Desktop\\laravel_dist\\vendor\\laravel\\framework\\src\\Illuminate\\Routing\\Router.php(608): Illuminate\\Routing\\Router->runRoute(Object(Illuminate\\Http\\Request), Object(Illuminate\\Routing\\Route))
#46 C:\\Users\\DarkAsus\\Desktop\\laravel_dist\\vendor\\laravel\\framework\\src\\Illuminate\\Routing\\Router.php(597): Illuminate\\Routing\\Router->dispatchToRoute(Object(Illuminate\\Http\\Request))
#47 C:\\Users\\DarkAsus\\Desktop\\laravel_dist\\vendor\\laravel\\framework\\src\\Illuminate\\Foundation\\Http\\Kernel.php(176): Illuminate\\Routing\\Router->dispatch(Object(Illuminate\\Http\\Request))
#48 C:\\Users\\DarkAsus\\Desktop\\laravel_dist\\vendor\\laravel\\framework\\src\\Illuminate\\Routing\\Pipeline.php(30): Illuminate\\Foundation\\Http\\Kernel->Illuminate\\Foundation\\Http\\{closure}(Object(Illuminate\\Http\\Request))
#49 C:\\Users\\DarkAsus\\Desktop\\laravel_dist\\vendor\\fideloper\\proxy\\src\\TrustProxies.php(57): Illuminate\\Routing\\Pipeline->Illuminate\\Routing\\{closure}(Object(Illuminate\\Http\\Request))
#50 C:\\Users\\DarkAsus\\Desktop\\laravel_dist\\vendor\\laravel\\framework\\src\\Illuminate\\Pipeline\\Pipeline.php(151): Fideloper\\Proxy\\TrustProxies->handle(Object(Illuminate\\Http\\Request), Object(Closure))
#51 C:\\Users\\DarkAsus\\Desktop\\laravel_dist\\vendor\\laravel\\framework\\src\\Illuminate\\Routing\\Pipeline.php(53): Illuminate\\Pipeline\\Pipeline->Illuminate\\Pipeline\\{closure}(Object(Illuminate\\Http\\Request))
#52 C:\\Users\\DarkAsus\\Desktop\\laravel_dist\\vendor\\laravel\\framework\\src\\Illuminate\\Foundation\\Http\\Middleware\\TransformsRequest.php(31): Illuminate\\Routing\\Pipeline->Illuminate\\Routing\\{closure}(Object(Illuminate\\Http\\Request))
#53 C:\\Users\\DarkAsus\\Desktop\\laravel_dist\\vendor\\laravel\\framework\\src\\Illuminate\\Pipeline\\Pipeline.php(151): Illuminate\\Foundation\\Http\\Middleware\\TransformsRequest->handle(Object(Illuminate\\Http\\Request), Object(Closure))
#54 C:\\Users\\DarkAsus\\Desktop\\laravel_dist\\vendor\\laravel\\framework\\src\\Illuminate\\Routing\\Pipeline.php(53): Illuminate\\Pipeline\\Pipeline->Illuminate\\Pipeline\\{closure}(Object(Illuminate\\Http\\Request))
#55 C:\\Users\\DarkAsus\\Desktop\\laravel_dist\\vendor\\laravel\\framework\\src\\Illuminate\\Foundation\\Http\\Middleware\\TransformsRequest.php(31): Illuminate\\Routing\\Pipeline->Illuminate\\Routing\\{closure}(Object(Illuminate\\Http\\Request))
#56 C:\\Users\\DarkAsus\\Desktop\\laravel_dist\\vendor\\laravel\\framework\\src\\Illuminate\\Pipeline\\Pipeline.php(151): Illuminate\\Foundation\\Http\\Middleware\\TransformsRequest->handle(Object(Illuminate\\Http\\Request), Object(Closure))
#57 C:\\Users\\DarkAsus\\Desktop\\laravel_dist\\vendor\\laravel\\framework\\src\\Illuminate\\Routing\\Pipeline.php(53): Illuminate\\Pipeline\\Pipeline->Illuminate\\Pipeline\\{closure}(Object(Illuminate\\Http\\Request))
#58 C:\\Users\\DarkAsus\\Desktop\\laravel_dist\\vendor\\laravel\\framework\\src\\Illuminate\\Foundation\\Http\\Middleware\\ValidatePostSize.php(27): Illuminate\\Routing\\Pipeline->Illuminate\\Routing\\{closure}(Object(Illuminate\\Http\\Request))
#59 C:\\Users\\DarkAsus\\Desktop\\laravel_dist\\vendor\\laravel\\framework\\src\\Illuminate\\Pipeline\\Pipeline.php(151): Illuminate\\Foundation\\Http\\Middleware\\ValidatePostSize->handle(Object(Illuminate\\Http\\Request), Object(Closure))
#60 C:\\Users\\DarkAsus\\Desktop\\laravel_dist\\vendor\\laravel\\framework\\src\\Illuminate\\Routing\\Pipeline.php(53): Illuminate\\Pipeline\\Pipeline->Illuminate\\Pipeline\\{closure}(Object(Illuminate\\Http\\Request))
#61 C:\\Users\\DarkAsus\\Desktop\\laravel_dist\\vendor\\laravel\\framework\\src\\Illuminate\\Foundation\\Http\\Middleware\\CheckForMaintenanceMode.php(62): Illuminate\\Routing\\Pipeline->Illuminate\\Routing\\{closure}(Object(Illuminate\\Http\\Request))
#62 C:\\Users\\DarkAsus\\Desktop\\laravel_dist\\vendor\\laravel\\framework\\src\\Illuminate\\Pipeline\\Pipeline.php(151): Illuminate\\Foundation\\Http\\Middleware\\CheckForMaintenanceMode->handle(Object(Illuminate\\Http\\Request), Object(Closure))
#63 C:\\Users\\DarkAsus\\Desktop\\laravel_dist\\vendor\\laravel\\framework\\src\\Illuminate\\Routing\\Pipeline.php(53): Illuminate\\Pipeline\\Pipeline->Illuminate\\Pipeline\\{closure}(Object(Illuminate\\Http\\Request))
#64 C:\\Users\\DarkAsus\\Desktop\\laravel_dist\\vendor\\laravel\\framework\\src\\Illuminate\\Pipeline\\Pipeline.php(104): Illuminate\\Routing\\Pipeline->Illuminate\\Routing\\{closure}(Object(Illuminate\\Http\\Request))
#65 C:\\Users\\DarkAsus\\Desktop\\laravel_dist\\vendor\\laravel\\framework\\src\\Illuminate\\Foundation\\Http\\Kernel.php(151): Illuminate\\Pipeline\\Pipeline->then(Object(Closure))
#66 C:\\Users\\DarkAsus\\Desktop\\laravel_dist\\vendor\\laravel\\framework\\src\\Illuminate\\Foundation\\Http\\Kernel.php(116): Illuminate\\Foundation\\Http\\Kernel->sendRequestThroughRouter(Object(Illuminate\\Http\\Request))
#67 C:\\Users\\DarkAsus\\Desktop\\laravel_dist\\public\\index.php(55): Illuminate\\Foundation\\Http\\Kernel->handle(Object(Illuminate\\Http\\Request))
#68 C:\\Users\\DarkAsus\\Desktop\\laravel_dist\\server.php(21): require_once('C:\\\\Users\\\\DarkAs...')
#69 {main}
"} 
[2018-07-15 21:04:57] local.ERROR: SQLSTATE[HY000] [1130] Host 'DESKTOP-H00MB01' is not allowed to connect to this MariaDB server (SQL: select * from `usuario`) {"exception":"[object] (Illuminate\\Database\\QueryException(code: 1130): SQLSTATE[HY000] [1130] Host 'DESKTOP-H00MB01' is not allowed to connect to this MariaDB server (SQL: select * from `usuario`) at C:\\Users\\DarkAsus\\Desktop\\laravel_dist\\vendor\\laravel\\framework\\src\\Illuminate\\Database\\Connection.php:664, PDOException(code: 1130): SQLSTATE[HY000] [1130] Host 'DESKTOP-H00MB01' is not allowed to connect to this MariaDB server at C:\\Users\\DarkAsus\\Desktop\\laravel_dist\\vendor\\laravel\\framework\\src\\Illuminate\\Database\\Connectors\\Connector.php:68)
[stacktrace]
#0 C:\\Users\\DarkAsus\\Desktop\\laravel_dist\\vendor\\laravel\\framework\\src\\Illuminate\\Database\\Connection.php(624): Illuminate\\Database\\Connection->runQueryCallback('select * from `...', Array, Object(Closure))
#1 C:\\Users\\DarkAsus\\Desktop\\laravel_dist\\vendor\\laravel\\framework\\src\\Illuminate\\Database\\Connection.php(333): Illuminate\\Database\\Connection->run('select * from `...', Array, Object(Closure))
#2 C:\\Users\\DarkAsus\\Desktop\\laravel_dist\\vendor\\laravel\\framework\\src\\Illuminate\\Database\\Query\\Builder.php(1963): Illuminate\\Database\\Connection->select('select * from `...', Array, true)
#3 C:\\Users\\DarkAsus\\Desktop\\laravel_dist\\vendor\\laravel\\framework\\src\\Illuminate\\Database\\Query\\Builder.php(1951): Illuminate\\Database\\Query\\Builder->runSelect()
#4 C:\\Users\\DarkAsus\\Desktop\\laravel_dist\\vendor\\laravel\\framework\\src\\Illuminate\\Database\\Query\\Builder.php(2435): Illuminate\\Database\\Query\\Builder->Illuminate\\Database\\Query\\{closure}()
#5 C:\\Users\\DarkAsus\\Desktop\\laravel_dist\\vendor\\laravel\\framework\\src\\Illuminate\\Database\\Query\\Builder.php(1952): Illuminate\\Database\\Query\\Builder->onceWithColumns(Array, Object(Closure))
#6 C:\\Users\\DarkAsus\\Desktop\\laravel_dist\\app\\Http\\Controllers\\HomeController.php(28): Illuminate\\Database\\Query\\Builder->get()
#7 [internal function]: App\\Http\\Controllers\\HomeController->index()
#8 C:\\Users\\DarkAsus\\Desktop\\laravel_dist\\vendor\\laravel\\framework\\src\\Illuminate\\Routing\\Controller.php(54): call_user_func_array(Array, Array)
#9 C:\\Users\\DarkAsus\\Desktop\\laravel_dist\\vendor\\laravel\\framework\\src\\Illuminate\\Routing\\ControllerDispatcher.php(45): Illuminate\\Routing\\Controller->callAction('index', Array)
#10 C:\\Users\\DarkAsus\\Desktop\\laravel_dist\\vendor\\laravel\\framework\\src\\Illuminate\\Routing\\Route.php(212): Illuminate\\Routing\\ControllerDispatcher->dispatch(Object(Illuminate\\Routing\\Route), Object(App\\Http\\Controllers\\HomeController), 'index')
#11 C:\\Users\\DarkAsus\\Desktop\\laravel_dist\\vendor\\laravel\\framework\\src\\Illuminate\\Routing\\Route.php(169): Illuminate\\Routing\\Route->runController()
#12 C:\\Users\\DarkAsus\\Desktop\\laravel_dist\\vendor\\laravel\\framework\\src\\Illuminate\\Routing\\Router.php(665): Illuminate\\Routing\\Route->run()
#13 C:\\Users\\DarkAsus\\Desktop\\laravel_dist\\vendor\\laravel\\framework\\src\\Illuminate\\Routing\\Pipeline.php(30): Illuminate\\Routing\\Router->Illuminate\\Routing\\{closure}(Object(Illuminate\\Http\\Request))
#14 C:\\Users\\DarkAsus\\Desktop\\laravel_dist\\vendor\\laravel\\framework\\src\\Illuminate\\Routing\\Middleware\\SubstituteBindings.php(41): Illuminate\\Routing\\Pipeline->Illuminate\\Routing\\{closure}(Object(Illuminate\\Http\\Request))
#15 C:\\Users\\DarkAsus\\Desktop\\laravel_dist\\vendor\\laravel\\framework\\src\\Illuminate\\Pipeline\\Pipeline.php(151): Illuminate\\Routing\\Middleware\\SubstituteBindings->handle(Object(Illuminate\\Http\\Request), Object(Closure))
#16 C:\\Users\\DarkAsus\\Desktop\\laravel_dist\\vendor\\laravel\\framework\\src\\Illuminate\\Routing\\Pipeline.php(53): Illuminate\\Pipeline\\Pipeline->Illuminate\\Pipeline\\{closure}(Object(Illuminate\\Http\\Request))
#17 C:\\Users\\DarkAsus\\Desktop\\laravel_dist\\vendor\\laravel\\framework\\src\\Illuminate\\Foundation\\Http\\Middleware\\VerifyCsrfToken.php(67): Illuminate\\Routing\\Pipeline->Illuminate\\Routing\\{closure}(Object(Illuminate\\Http\\Request))
#18 C:\\Users\\DarkAsus\\Desktop\\laravel_dist\\vendor\\laravel\\framework\\src\\Illuminate\\Pipeline\\Pipeline.php(151): Illuminate\\Foundation\\Http\\Middleware\\VerifyCsrfToken->handle(Object(Illuminate\\Http\\Request), Object(Closure))
#19 C:\\Users\\DarkAsus\\Desktop\\laravel_dist\\vendor\\laravel\\framework\\src\\Illuminate\\Routing\\Pipeline.php(53): Illuminate\\Pipeline\\Pipeline->Illuminate\\Pipeline\\{closure}(Object(Illuminate\\Http\\Request))
#20 C:\\Users\\DarkAsus\\Desktop\\laravel_dist\\vendor\\laravel\\framework\\src\\Illuminate\\View\\Middleware\\ShareErrorsFromSession.php(49): Illuminate\\Routing\\Pipeline->Illuminate\\Routing\\{closure}(Object(Illuminate\\Http\\Request))
#21 C:\\Users\\DarkAsus\\Desktop\\laravel_dist\\vendor\\laravel\\framework\\src\\Illuminate\\Pipeline\\Pipeline.php(151): Illuminate\\View\\Middleware\\ShareErrorsFromSession->handle(Object(Illuminate\\Http\\Request), Object(Closure))
#22 C:\\Users\\DarkAsus\\Desktop\\laravel_dist\\vendor\\laravel\\framework\\src\\Illuminate\\Routing\\Pipeline.php(53): Illuminate\\Pipeline\\Pipeline->Illuminate\\Pipeline\\{closure}(Object(Illuminate\\Http\\Request))
#23 C:\\Users\\DarkAsus\\Desktop\\laravel_dist\\vendor\\laravel\\framework\\src\\Illuminate\\Session\\Middleware\\StartSession.php(63): Illuminate\\Routing\\Pipeline->Illuminate\\Routing\\{closure}(Object(Illuminate\\Http\\Request))
#24 C:\\Users\\DarkAsus\\Desktop\\laravel_dist\\vendor\\laravel\\framework\\src\\Illuminate\\Pipeline\\Pipeline.php(151): Illuminate\\Session\\Middleware\\StartSession->handle(Object(Illuminate\\Http\\Request), Object(Closure))
#25 C:\\Users\\DarkAsus\\Desktop\\laravel_dist\\vendor\\laravel\\framework\\src\\Illuminate\\Routing\\Pipeline.php(53): Illuminate\\Pipeline\\Pipeline->Illuminate\\Pipeline\\{closure}(Object(Illuminate\\Http\\Request))
#26 C:\\Users\\DarkAsus\\Desktop\\laravel_dist\\vendor\\laravel\\framework\\src\\Illuminate\\Cookie\\Middleware\\AddQueuedCookiesToResponse.php(37): Illuminate\\Routing\\Pipeline->Illuminate\\Routing\\{closure}(Object(Illuminate\\Http\\Request))
#27 C:\\Users\\DarkAsus\\Desktop\\laravel_dist\\vendor\\laravel\\framework\\src\\Illuminate\\Pipeline\\Pipeline.php(151): Illuminate\\Cookie\\Middleware\\AddQueuedCookiesToResponse->handle(Object(Illuminate\\Http\\Request), Object(Closure))
#28 C:\\Users\\DarkAsus\\Desktop\\laravel_dist\\vendor\\laravel\\framework\\src\\Illuminate\\Routing\\Pipeline.php(53): Illuminate\\Pipeline\\Pipeline->Illuminate\\Pipeline\\{closure}(Object(Illuminate\\Http\\Request))
#29 C:\\Users\\DarkAsus\\Desktop\\laravel_dist\\vendor\\laravel\\framework\\src\\Illuminate\\Cookie\\Middleware\\EncryptCookies.php(59): Illuminate\\Routing\\Pipeline->Illuminate\\Routing\\{closure}(Object(Illuminate\\Http\\Request))
#30 C:\\Users\\DarkAsus\\Desktop\\laravel_dist\\vendor\\laravel\\framework\\src\\Illuminate\\Pipeline\\Pipeline.php(151): Illuminate\\Cookie\\Middleware\\EncryptCookies->handle(Object(Illuminate\\Http\\Request), Object(Closure))
#31 C:\\Users\\DarkAsus\\Desktop\\laravel_dist\\vendor\\laravel\\framework\\src\\Illuminate\\Routing\\Pipeline.php(53): Illuminate\\Pipeline\\Pipeline->Illuminate\\Pipeline\\{closure}(Object(Illuminate\\Http\\Request))
#32 C:\\Users\\DarkAsus\\Desktop\\laravel_dist\\vendor\\laravel\\framework\\src\\Illuminate\\Pipeline\\Pipeline.php(104): Illuminate\\Routing\\Pipeline->Illuminate\\Routing\\{closure}(Object(Illuminate\\Http\\Request))
#33 C:\\Users\\DarkAsus\\Desktop\\laravel_dist\\vendor\\laravel\\framework\\src\\Illuminate\\Routing\\Router.php(667): Illuminate\\Pipeline\\Pipeline->then(Object(Closure))
#34 C:\\Users\\DarkAsus\\Desktop\\laravel_dist\\vendor\\laravel\\framework\\src\\Illuminate\\Routing\\Router.php(642): Illuminate\\Routing\\Router->runRouteWithinStack(Object(Illuminate\\Routing\\Route), Object(Illuminate\\Http\\Request))
#35 C:\\Users\\DarkAsus\\Desktop\\laravel_dist\\vendor\\laravel\\framework\\src\\Illuminate\\Routing\\Router.php(608): Illuminate\\Routing\\Router->runRoute(Object(Illuminate\\Http\\Request), Object(Illuminate\\Routing\\Route))
#36 C:\\Users\\DarkAsus\\Desktop\\laravel_dist\\vendor\\laravel\\framework\\src\\Illuminate\\Routing\\Router.php(597): Illuminate\\Routing\\Router->dispatchToRoute(Object(Illuminate\\Http\\Request))
#37 C:\\Users\\DarkAsus\\Desktop\\laravel_dist\\vendor\\laravel\\framework\\src\\Illuminate\\Foundation\\Http\\Kernel.php(176): Illuminate\\Routing\\Router->dispatch(Object(Illuminate\\Http\\Request))
#38 C:\\Users\\DarkAsus\\Desktop\\laravel_dist\\vendor\\laravel\\framework\\src\\Illuminate\\Routing\\Pipeline.php(30): Illuminate\\Foundation\\Http\\Kernel->Illuminate\\Foundation\\Http\\{closure}(Object(Illuminate\\Http\\Request))
#39 C:\\Users\\DarkAsus\\Desktop\\laravel_dist\\vendor\\fideloper\\proxy\\src\\TrustProxies.php(57): Illuminate\\Routing\\Pipeline->Illuminate\\Routing\\{closure}(Object(Illuminate\\Http\\Request))
#40 C:\\Users\\DarkAsus\\Desktop\\laravel_dist\\vendor\\laravel\\framework\\src\\Illuminate\\Pipeline\\Pipeline.php(151): Fideloper\\Proxy\\TrustProxies->handle(Object(Illuminate\\Http\\Request), Object(Closure))
#41 C:\\Users\\DarkAsus\\Desktop\\laravel_dist\\vendor\\laravel\\framework\\src\\Illuminate\\Routing\\Pipeline.php(53): Illuminate\\Pipeline\\Pipeline->Illuminate\\Pipeline\\{closure}(Object(Illuminate\\Http\\Request))
#42 C:\\Users\\DarkAsus\\Desktop\\laravel_dist\\vendor\\laravel\\framework\\src\\Illuminate\\Foundation\\Http\\Middleware\\TransformsRequest.php(31): Illuminate\\Routing\\Pipeline->Illuminate\\Routing\\{closure}(Object(Illuminate\\Http\\Request))
#43 C:\\Users\\DarkAsus\\Desktop\\laravel_dist\\vendor\\laravel\\framework\\src\\Illuminate\\Pipeline\\Pipeline.php(151): Illuminate\\Foundation\\Http\\Middleware\\TransformsRequest->handle(Object(Illuminate\\Http\\Request), Object(Closure))
#44 C:\\Users\\DarkAsus\\Desktop\\laravel_dist\\vendor\\laravel\\framework\\src\\Illuminate\\Routing\\Pipeline.php(53): Illuminate\\Pipeline\\Pipeline->Illuminate\\Pipeline\\{closure}(Object(Illuminate\\Http\\Request))
#45 C:\\Users\\DarkAsus\\Desktop\\laravel_dist\\vendor\\laravel\\framework\\src\\Illuminate\\Foundation\\Http\\Middleware\\TransformsRequest.php(31): Illuminate\\Routing\\Pipeline->Illuminate\\Routing\\{closure}(Object(Illuminate\\Http\\Request))
#46 C:\\Users\\DarkAsus\\Desktop\\laravel_dist\\vendor\\laravel\\framework\\src\\Illuminate\\Pipeline\\Pipeline.php(151): Illuminate\\Foundation\\Http\\Middleware\\TransformsRequest->handle(Object(Illuminate\\Http\\Request), Object(Closure))
#47 C:\\Users\\DarkAsus\\Desktop\\laravel_dist\\vendor\\laravel\\framework\\src\\Illuminate\\Routing\\Pipeline.php(53): Illuminate\\Pipeline\\Pipeline->Illuminate\\Pipeline\\{closure}(Object(Illuminate\\Http\\Request))
#48 C:\\Users\\DarkAsus\\Desktop\\laravel_dist\\vendor\\laravel\\framework\\src\\Illuminate\\Foundation\\Http\\Middleware\\ValidatePostSize.php(27): Illuminate\\Routing\\Pipeline->Illuminate\\Routing\\{closure}(Object(Illuminate\\Http\\Request))
#49 C:\\Users\\DarkAsus\\Desktop\\laravel_dist\\vendor\\laravel\\framework\\src\\Illuminate\\Pipeline\\Pipeline.php(151): Illuminate\\Foundation\\Http\\Middleware\\ValidatePostSize->handle(Object(Illuminate\\Http\\Request), Object(Closure))
#50 C:\\Users\\DarkAsus\\Desktop\\laravel_dist\\vendor\\laravel\\framework\\src\\Illuminate\\Routing\\Pipeline.php(53): Illuminate\\Pipeline\\Pipeline->Illuminate\\Pipeline\\{closure}(Object(Illuminate\\Http\\Request))
#51 C:\\Users\\DarkAsus\\Desktop\\laravel_dist\\vendor\\laravel\\framework\\src\\Illuminate\\Foundation\\Http\\Middleware\\CheckForMaintenanceMode.php(62): Illuminate\\Routing\\Pipeline->Illuminate\\Routing\\{closure}(Object(Illuminate\\Http\\Request))
#52 C:\\Users\\DarkAsus\\Desktop\\laravel_dist\\vendor\\laravel\\framework\\src\\Illuminate\\Pipeline\\Pipeline.php(151): Illuminate\\Foundation\\Http\\Middleware\\CheckForMaintenanceMode->handle(Object(Illuminate\\Http\\Request), Object(Closure))
#53 C:\\Users\\DarkAsus\\Desktop\\laravel_dist\\vendor\\laravel\\framework\\src\\Illuminate\\Routing\\Pipeline.php(53): Illuminate\\Pipeline\\Pipeline->Illuminate\\Pipeline\\{closure}(Object(Illuminate\\Http\\Request))
#54 C:\\Users\\DarkAsus\\Desktop\\laravel_dist\\vendor\\laravel\\framework\\src\\Illuminate\\Pipeline\\Pipeline.php(104): Illuminate\\Routing\\Pipeline->Illuminate\\Routing\\{closure}(Object(Illuminate\\Http\\Request))
#55 C:\\Users\\DarkAsus\\Desktop\\laravel_dist\\vendor\\laravel\\framework\\src\\Illuminate\\Foundation\\Http\\Kernel.php(151): Illuminate\\Pipeline\\Pipeline->then(Object(Closure))
#56 C:\\Users\\DarkAsus\\Desktop\\laravel_dist\\vendor\\laravel\\framework\\src\\Illuminate\\Foundation\\Http\\Kernel.php(116): Illuminate\\Foundation\\Http\\Kernel->sendRequestThroughRouter(Object(Illuminate\\Http\\Request))
#57 C:\\Users\\DarkAsus\\Desktop\\laravel_dist\\public\\index.php(55): Illuminate\\Foundation\\Http\\Kernel->handle(Object(Illuminate\\Http\\Request))
#58 C:\\Users\\DarkAsus\\Desktop\\laravel_dist\\server.php(21): require_once('C:\\\\Users\\\\DarkAs...')
#59 {main}
"} 
[2018-07-15 21:35:18] local.ERROR: syntax error, unexpected 'return' (T_RETURN) {"exception":"[object] (Symfony\\Component\\Debug\\Exception\\FatalThrowableError(code: 0): syntax error, unexpected 'return' (T_RETURN) at C:\\Users\\DarkAsus\\Desktop\\laravel_dist\\app\\Http\\Controllers\\HomeController.php:34)
[stacktrace]
#0 C:\\Users\\DarkAsus\\Desktop\\laravel_dist\\vendor\\composer\\ClassLoader.php(322): Composer\\Autoload\\includeFile('C:\\\\Users\\\\DarkAs...')
#1 [internal function]: Composer\\Autoload\\ClassLoader->loadClass('App\\\\Http\\\\Contro...')
#2 [internal function]: spl_autoload_call('App\\\\Http\\\\Contro...')
#3 C:\\Users\\DarkAsus\\Desktop\\laravel_dist\\vendor\\laravel\\framework\\src\\Illuminate\\Container\\Container.php(767): ReflectionClass->__construct('App\\\\Http\\\\Contro...')
#4 C:\\Users\\DarkAsus\\Desktop\\laravel_dist\\vendor\\laravel\\framework\\src\\Illuminate\\Container\\Container.php(646): Illuminate\\Container\\Container->build('App\\\\Http\\\\Contro...')
#5 C:\\Users\\DarkAsus\\Desktop\\laravel_dist\\vendor\\laravel\\framework\\src\\Illuminate\\Container\\Container.php(601): Illuminate\\Container\\Container->resolve('App\\\\Http\\\\Contro...', Array)
#6 C:\\Users\\DarkAsus\\Desktop\\laravel_dist\\vendor\\laravel\\framework\\src\\Illuminate\\Foundation\\Application.php(734): Illuminate\\Container\\Container->make('App\\\\Http\\\\Contro...', Array)
#7 C:\\Users\\DarkAsus\\Desktop\\laravel_dist\\vendor\\laravel\\framework\\src\\Illuminate\\Routing\\Route.php(226): Illuminate\\Foundation\\Application->make('App\\\\Http\\\\Contro...')
#8 C:\\Users\\DarkAsus\\Desktop\\laravel_dist\\vendor\\laravel\\framework\\src\\Illuminate\\Routing\\Route.php(796): Illuminate\\Routing\\Route->getController()
#9 C:\\Users\\DarkAsus\\Desktop\\laravel_dist\\vendor\\laravel\\framework\\src\\Illuminate\\Routing\\Route.php(757): Illuminate\\Routing\\Route->controllerMiddleware()
#10 C:\\Users\\DarkAsus\\Desktop\\laravel_dist\\vendor\\laravel\\framework\\src\\Illuminate\\Routing\\Router.php(678): Illuminate\\Routing\\Route->gatherMiddleware()
#11 C:\\Users\\DarkAsus\\Desktop\\laravel_dist\\vendor\\laravel\\framework\\src\\Illuminate\\Routing\\Router.php(658): Illuminate\\Routing\\Router->gatherRouteMiddleware(Object(Illuminate\\Routing\\Route))
#12 C:\\Users\\DarkAsus\\Desktop\\laravel_dist\\vendor\\laravel\\framework\\src\\Illuminate\\Routing\\Router.php(642): Illuminate\\Routing\\Router->runRouteWithinStack(Object(Illuminate\\Routing\\Route), Object(Illuminate\\Http\\Request))
#13 C:\\Users\\DarkAsus\\Desktop\\laravel_dist\\vendor\\laravel\\framework\\src\\Illuminate\\Routing\\Router.php(608): Illuminate\\Routing\\Router->runRoute(Object(Illuminate\\Http\\Request), Object(Illuminate\\Routing\\Route))
#14 C:\\Users\\DarkAsus\\Desktop\\laravel_dist\\vendor\\laravel\\framework\\src\\Illuminate\\Routing\\Router.php(597): Illuminate\\Routing\\Router->dispatchToRoute(Object(Illuminate\\Http\\Request))
#15 C:\\Users\\DarkAsus\\Desktop\\laravel_dist\\vendor\\laravel\\framework\\src\\Illuminate\\Foundation\\Http\\Kernel.php(176): Illuminate\\Routing\\Router->dispatch(Object(Illuminate\\Http\\Request))
#16 C:\\Users\\DarkAsus\\Desktop\\laravel_dist\\vendor\\laravel\\framework\\src\\Illuminate\\Routing\\Pipeline.php(30): Illuminate\\Foundation\\Http\\Kernel->Illuminate\\Foundation\\Http\\{closure}(Object(Illuminate\\Http\\Request))
#17 C:\\Users\\DarkAsus\\Desktop\\laravel_dist\\vendor\\fideloper\\proxy\\src\\TrustProxies.php(57): Illuminate\\Routing\\Pipeline->Illuminate\\Routing\\{closure}(Object(Illuminate\\Http\\Request))
#18 C:\\Users\\DarkAsus\\Desktop\\laravel_dist\\vendor\\laravel\\framework\\src\\Illuminate\\Pipeline\\Pipeline.php(151): Fideloper\\Proxy\\TrustProxies->handle(Object(Illuminate\\Http\\Request), Object(Closure))
#19 C:\\Users\\DarkAsus\\Desktop\\laravel_dist\\vendor\\laravel\\framework\\src\\Illuminate\\Routing\\Pipeline.php(53): Illuminate\\Pipeline\\Pipeline->Illuminate\\Pipeline\\{closure}(Object(Illuminate\\Http\\Request))
#20 C:\\Users\\DarkAsus\\Desktop\\laravel_dist\\vendor\\laravel\\framework\\src\\Illuminate\\Foundation\\Http\\Middleware\\TransformsRequest.php(31): Illuminate\\Routing\\Pipeline->Illuminate\\Routing\\{closure}(Object(Illuminate\\Http\\Request))
#21 C:\\Users\\DarkAsus\\Desktop\\laravel_dist\\vendor\\laravel\\framework\\src\\Illuminate\\Pipeline\\Pipeline.php(151): Illuminate\\Foundation\\Http\\Middleware\\TransformsRequest->handle(Object(Illuminate\\Http\\Request), Object(Closure))
#22 C:\\Users\\DarkAsus\\Desktop\\laravel_dist\\vendor\\laravel\\framework\\src\\Illuminate\\Routing\\Pipeline.php(53): Illuminate\\Pipeline\\Pipeline->Illuminate\\Pipeline\\{closure}(Object(Illuminate\\Http\\Request))
#23 C:\\Users\\DarkAsus\\Desktop\\laravel_dist\\vendor\\laravel\\framework\\src\\Illuminate\\Foundation\\Http\\Middleware\\TransformsRequest.php(31): Illuminate\\Routing\\Pipeline->Illuminate\\Routing\\{closure}(Object(Illuminate\\Http\\Request))
#24 C:\\Users\\DarkAsus\\Desktop\\laravel_dist\\vendor\\laravel\\framework\\src\\Illuminate\\Pipeline\\Pipeline.php(151): Illuminate\\Foundation\\Http\\Middleware\\TransformsRequest->handle(Object(Illuminate\\Http\\Request), Object(Closure))
#25 C:\\Users\\DarkAsus\\Desktop\\laravel_dist\\vendor\\laravel\\framework\\src\\Illuminate\\Routing\\Pipeline.php(53): Illuminate\\Pipeline\\Pipeline->Illuminate\\Pipeline\\{closure}(Object(Illuminate\\Http\\Request))
#26 C:\\Users\\DarkAsus\\Desktop\\laravel_dist\\vendor\\laravel\\framework\\src\\Illuminate\\Foundation\\Http\\Middleware\\ValidatePostSize.php(27): Illuminate\\Routing\\Pipeline->Illuminate\\Routing\\{closure}(Object(Illuminate\\Http\\Request))
#27 C:\\Users\\DarkAsus\\Desktop\\laravel_dist\\vendor\\laravel\\framework\\src\\Illuminate\\Pipeline\\Pipeline.php(151): Illuminate\\Foundation\\Http\\Middleware\\ValidatePostSize->handle(Object(Illuminate\\Http\\Request), Object(Closure))
#28 C:\\Users\\DarkAsus\\Desktop\\laravel_dist\\vendor\\laravel\\framework\\src\\Illuminate\\Routing\\Pipeline.php(53): Illuminate\\Pipeline\\Pipeline->Illuminate\\Pipeline\\{closure}(Object(Illuminate\\Http\\Request))
#29 C:\\Users\\DarkAsus\\Desktop\\laravel_dist\\vendor\\laravel\\framework\\src\\Illuminate\\Foundation\\Http\\Middleware\\CheckForMaintenanceMode.php(62): Illuminate\\Routing\\Pipeline->Illuminate\\Routing\\{closure}(Object(Illuminate\\Http\\Request))
#30 C:\\Users\\DarkAsus\\Desktop\\laravel_dist\\vendor\\laravel\\framework\\src\\Illuminate\\Pipeline\\Pipeline.php(151): Illuminate\\Foundation\\Http\\Middleware\\CheckForMaintenanceMode->handle(Object(Illuminate\\Http\\Request), Object(Closure))
#31 C:\\Users\\DarkAsus\\Desktop\\laravel_dist\\vendor\\laravel\\framework\\src\\Illuminate\\Routing\\Pipeline.php(53): Illuminate\\Pipeline\\Pipeline->Illuminate\\Pipeline\\{closure}(Object(Illuminate\\Http\\Request))
#32 C:\\Users\\DarkAsus\\Desktop\\laravel_dist\\vendor\\laravel\\framework\\src\\Illuminate\\Pipeline\\Pipeline.php(104): Illuminate\\Routing\\Pipeline->Illuminate\\Routing\\{closure}(Object(Illuminate\\Http\\Request))
#33 C:\\Users\\DarkAsus\\Desktop\\laravel_dist\\vendor\\laravel\\framework\\src\\Illuminate\\Foundation\\Http\\Kernel.php(151): Illuminate\\Pipeline\\Pipeline->then(Object(Closure))
#34 C:\\Users\\DarkAsus\\Desktop\\laravel_dist\\vendor\\laravel\\framework\\src\\Illuminate\\Foundation\\Http\\Kernel.php(116): Illuminate\\Foundation\\Http\\Kernel->sendRequestThroughRouter(Object(Illuminate\\Http\\Request))
#35 C:\\Users\\DarkAsus\\Desktop\\laravel_dist\\public\\index.php(55): Illuminate\\Foundation\\Http\\Kernel->handle(Object(Illuminate\\Http\\Request))
#36 C:\\Users\\DarkAsus\\Desktop\\laravel_dist\\server.php(21): require_once('C:\\\\Users\\\\DarkAs...')
#37 {main}
"} 
[2018-07-15 21:35:21] local.ERROR: syntax error, unexpected 'return' (T_RETURN) {"exception":"[object] (Symfony\\Component\\Debug\\Exception\\FatalThrowableError(code: 0): syntax error, unexpected 'return' (T_RETURN) at C:\\Users\\DarkAsus\\Desktop\\laravel_dist\\app\\Http\\Controllers\\HomeController.php:34)
[stacktrace]
#0 C:\\Users\\DarkAsus\\Desktop\\laravel_dist\\vendor\\composer\\ClassLoader.php(322): Composer\\Autoload\\includeFile('C:\\\\Users\\\\DarkAs...')
#1 [internal function]: Composer\\Autoload\\ClassLoader->loadClass('App\\\\Http\\\\Contro...')
#2 [internal function]: spl_autoload_call('App\\\\Http\\\\Contro...')
#3 C:\\Users\\DarkAsus\\Desktop\\laravel_dist\\vendor\\laravel\\framework\\src\\Illuminate\\Container\\Container.php(767): ReflectionClass->__construct('App\\\\Http\\\\Contro...')
#4 C:\\Users\\DarkAsus\\Desktop\\laravel_dist\\vendor\\laravel\\framework\\src\\Illuminate\\Container\\Container.php(646): Illuminate\\Container\\Container->build('App\\\\Http\\\\Contro...')
#5 C:\\Users\\DarkAsus\\Desktop\\laravel_dist\\vendor\\laravel\\framework\\src\\Illuminate\\Container\\Container.php(601): Illuminate\\Container\\Container->resolve('App\\\\Http\\\\Contro...', Array)
#6 C:\\Users\\DarkAsus\\Desktop\\laravel_dist\\vendor\\laravel\\framework\\src\\Illuminate\\Foundation\\Application.php(734): Illuminate\\Container\\Container->make('App\\\\Http\\\\Contro...', Array)
#7 C:\\Users\\DarkAsus\\Desktop\\laravel_dist\\vendor\\laravel\\framework\\src\\Illuminate\\Routing\\Route.php(226): Illuminate\\Foundation\\Application->make('App\\\\Http\\\\Contro...')
#8 C:\\Users\\DarkAsus\\Desktop\\laravel_dist\\vendor\\laravel\\framework\\src\\Illuminate\\Routing\\Route.php(796): Illuminate\\Routing\\Route->getController()
#9 C:\\Users\\DarkAsus\\Desktop\\laravel_dist\\vendor\\laravel\\framework\\src\\Illuminate\\Routing\\Route.php(757): Illuminate\\Routing\\Route->controllerMiddleware()
#10 C:\\Users\\DarkAsus\\Desktop\\laravel_dist\\vendor\\laravel\\framework\\src\\Illuminate\\Routing\\Router.php(678): Illuminate\\Routing\\Route->gatherMiddleware()
#11 C:\\Users\\DarkAsus\\Desktop\\laravel_dist\\vendor\\laravel\\framework\\src\\Illuminate\\Routing\\Router.php(658): Illuminate\\Routing\\Router->gatherRouteMiddleware(Object(Illuminate\\Routing\\Route))
#12 C:\\Users\\DarkAsus\\Desktop\\laravel_dist\\vendor\\laravel\\framework\\src\\Illuminate\\Routing\\Router.php(642): Illuminate\\Routing\\Router->runRouteWithinStack(Object(Illuminate\\Routing\\Route), Object(Illuminate\\Http\\Request))
#13 C:\\Users\\DarkAsus\\Desktop\\laravel_dist\\vendor\\laravel\\framework\\src\\Illuminate\\Routing\\Router.php(608): Illuminate\\Routing\\Router->runRoute(Object(Illuminate\\Http\\Request), Object(Illuminate\\Routing\\Route))
#14 C:\\Users\\DarkAsus\\Desktop\\laravel_dist\\vendor\\laravel\\framework\\src\\Illuminate\\Routing\\Router.php(597): Illuminate\\Routing\\Router->dispatchToRoute(Object(Illuminate\\Http\\Request))
#15 C:\\Users\\DarkAsus\\Desktop\\laravel_dist\\vendor\\laravel\\framework\\src\\Illuminate\\Foundation\\Http\\Kernel.php(176): Illuminate\\Routing\\Router->dispatch(Object(Illuminate\\Http\\Request))
#16 C:\\Users\\DarkAsus\\Desktop\\laravel_dist\\vendor\\laravel\\framework\\src\\Illuminate\\Routing\\Pipeline.php(30): Illuminate\\Foundation\\Http\\Kernel->Illuminate\\Foundation\\Http\\{closure}(Object(Illuminate\\Http\\Request))
#17 C:\\Users\\DarkAsus\\Desktop\\laravel_dist\\vendor\\fideloper\\proxy\\src\\TrustProxies.php(57): Illuminate\\Routing\\Pipeline->Illuminate\\Routing\\{closure}(Object(Illuminate\\Http\\Request))
#18 C:\\Users\\DarkAsus\\Desktop\\laravel_dist\\vendor\\laravel\\framework\\src\\Illuminate\\Pipeline\\Pipeline.php(151): Fideloper\\Proxy\\TrustProxies->handle(Object(Illuminate\\Http\\Request), Object(Closure))
#19 C:\\Users\\DarkAsus\\Desktop\\laravel_dist\\vendor\\laravel\\framework\\src\\Illuminate\\Routing\\Pipeline.php(53): Illuminate\\Pipeline\\Pipeline->Illuminate\\Pipeline\\{closure}(Object(Illuminate\\Http\\Request))
#20 C:\\Users\\DarkAsus\\Desktop\\laravel_dist\\vendor\\laravel\\framework\\src\\Illuminate\\Foundation\\Http\\Middleware\\TransformsRequest.php(31): Illuminate\\Routing\\Pipeline->Illuminate\\Routing\\{closure}(Object(Illuminate\\Http\\Request))
#21 C:\\Users\\DarkAsus\\Desktop\\laravel_dist\\vendor\\laravel\\framework\\src\\Illuminate\\Pipeline\\Pipeline.php(151): Illuminate\\Foundation\\Http\\Middleware\\TransformsRequest->handle(Object(Illuminate\\Http\\Request), Object(Closure))
#22 C:\\Users\\DarkAsus\\Desktop\\laravel_dist\\vendor\\laravel\\framework\\src\\Illuminate\\Routing\\Pipeline.php(53): Illuminate\\Pipeline\\Pipeline->Illuminate\\Pipeline\\{closure}(Object(Illuminate\\Http\\Request))
#23 C:\\Users\\DarkAsus\\Desktop\\laravel_dist\\vendor\\laravel\\framework\\src\\Illuminate\\Foundation\\Http\\Middleware\\TransformsRequest.php(31): Illuminate\\Routing\\Pipeline->Illuminate\\Routing\\{closure}(Object(Illuminate\\Http\\Request))
#24 C:\\Users\\DarkAsus\\Desktop\\laravel_dist\\vendor\\laravel\\framework\\src\\Illuminate\\Pipeline\\Pipeline.php(151): Illuminate\\Foundation\\Http\\Middleware\\TransformsRequest->handle(Object(Illuminate\\Http\\Request), Object(Closure))
#25 C:\\Users\\DarkAsus\\Desktop\\laravel_dist\\vendor\\laravel\\framework\\src\\Illuminate\\Routing\\Pipeline.php(53): Illuminate\\Pipeline\\Pipeline->Illuminate\\Pipeline\\{closure}(Object(Illuminate\\Http\\Request))
#26 C:\\Users\\DarkAsus\\Desktop\\laravel_dist\\vendor\\laravel\\framework\\src\\Illuminate\\Foundation\\Http\\Middleware\\ValidatePostSize.php(27): Illuminate\\Routing\\Pipeline->Illuminate\\Routing\\{closure}(Object(Illuminate\\Http\\Request))
#27 C:\\Users\\DarkAsus\\Desktop\\laravel_dist\\vendor\\laravel\\framework\\src\\Illuminate\\Pipeline\\Pipeline.php(151): Illuminate\\Foundation\\Http\\Middleware\\ValidatePostSize->handle(Object(Illuminate\\Http\\Request), Object(Closure))
#28 C:\\Users\\DarkAsus\\Desktop\\laravel_dist\\vendor\\laravel\\framework\\src\\Illuminate\\Routing\\Pipeline.php(53): Illuminate\\Pipeline\\Pipeline->Illuminate\\Pipeline\\{closure}(Object(Illuminate\\Http\\Request))
#29 C:\\Users\\DarkAsus\\Desktop\\laravel_dist\\vendor\\laravel\\framework\\src\\Illuminate\\Foundation\\Http\\Middleware\\CheckForMaintenanceMode.php(62): Illuminate\\Routing\\Pipeline->Illuminate\\Routing\\{closure}(Object(Illuminate\\Http\\Request))
#30 C:\\Users\\DarkAsus\\Desktop\\laravel_dist\\vendor\\laravel\\framework\\src\\Illuminate\\Pipeline\\Pipeline.php(151): Illuminate\\Foundation\\Http\\Middleware\\CheckForMaintenanceMode->handle(Object(Illuminate\\Http\\Request), Object(Closure))
#31 C:\\Users\\DarkAsus\\Desktop\\laravel_dist\\vendor\\laravel\\framework\\src\\Illuminate\\Routing\\Pipeline.php(53): Illuminate\\Pipeline\\Pipeline->Illuminate\\Pipeline\\{closure}(Object(Illuminate\\Http\\Request))
#32 C:\\Users\\DarkAsus\\Desktop\\laravel_dist\\vendor\\laravel\\framework\\src\\Illuminate\\Pipeline\\Pipeline.php(104): Illuminate\\Routing\\Pipeline->Illuminate\\Routing\\{closure}(Object(Illuminate\\Http\\Request))
#33 C:\\Users\\DarkAsus\\Desktop\\laravel_dist\\vendor\\laravel\\framework\\src\\Illuminate\\Foundation\\Http\\Kernel.php(151): Illuminate\\Pipeline\\Pipeline->then(Object(Closure))
#34 C:\\Users\\DarkAsus\\Desktop\\laravel_dist\\vendor\\laravel\\framework\\src\\Illuminate\\Foundation\\Http\\Kernel.php(116): Illuminate\\Foundation\\Http\\Kernel->sendRequestThroughRouter(Object(Illuminate\\Http\\Request))
#35 C:\\Users\\DarkAsus\\Desktop\\laravel_dist\\public\\index.php(55): Illuminate\\Foundation\\Http\\Kernel->handle(Object(Illuminate\\Http\\Request))
#36 C:\\Users\\DarkAsus\\Desktop\\laravel_dist\\server.php(21): require_once('C:\\\\Users\\\\DarkAs...')
#37 {main}
"} 
[2018-07-15 21:35:34] local.ERROR: SQLSTATE[42S02]: Base table or view not found: 1146 Table 'tf_distribuidos.users' doesn't exist (SQL: select * from `users`) {"exception":"[object] (Illuminate\\Database\\QueryException(code: 42S02): SQLSTATE[42S02]: Base table or view not found: 1146 Table 'tf_distribuidos.users' doesn't exist (SQL: select * from `users`) at C:\\Users\\DarkAsus\\Desktop\\laravel_dist\\vendor\\laravel\\framework\\src\\Illuminate\\Database\\Connection.php:664, PDOException(code: 42S02): SQLSTATE[42S02]: Base table or view not found: 1146 Table 'tf_distribuidos.users' doesn't exist at C:\\Users\\DarkAsus\\Desktop\\laravel_dist\\vendor\\laravel\\framework\\src\\Illuminate\\Database\\Connection.php:326)
[stacktrace]
#0 C:\\Users\\DarkAsus\\Desktop\\laravel_dist\\vendor\\laravel\\framework\\src\\Illuminate\\Database\\Connection.php(624): Illuminate\\Database\\Connection->runQueryCallback('select * from `...', Array, Object(Closure))
#1 C:\\Users\\DarkAsus\\Desktop\\laravel_dist\\vendor\\laravel\\framework\\src\\Illuminate\\Database\\Connection.php(333): Illuminate\\Database\\Connection->run('select * from `...', Array, Object(Closure))
#2 C:\\Users\\DarkAsus\\Desktop\\laravel_dist\\vendor\\laravel\\framework\\src\\Illuminate\\Database\\Query\\Builder.php(1963): Illuminate\\Database\\Connection->select('select * from `...', Array, true)
#3 C:\\Users\\DarkAsus\\Desktop\\laravel_dist\\vendor\\laravel\\framework\\src\\Illuminate\\Database\\Query\\Builder.php(1951): Illuminate\\Database\\Query\\Builder->runSelect()
#4 C:\\Users\\DarkAsus\\Desktop\\laravel_dist\\vendor\\laravel\\framework\\src\\Illuminate\\Database\\Query\\Builder.php(2435): Illuminate\\Database\\Query\\Builder->Illuminate\\Database\\Query\\{closure}()
#5 C:\\Users\\DarkAsus\\Desktop\\laravel_dist\\vendor\\laravel\\framework\\src\\Illuminate\\Database\\Query\\Builder.php(1952): Illuminate\\Database\\Query\\Builder->onceWithColumns(Array, Object(Closure))
#6 C:\\Users\\DarkAsus\\Desktop\\laravel_dist\\vendor\\laravel\\framework\\src\\Illuminate\\Database\\Eloquent\\Builder.php(481): Illuminate\\Database\\Query\\Builder->get(Array)
#7 C:\\Users\\DarkAsus\\Desktop\\laravel_dist\\vendor\\laravel\\framework\\src\\Illuminate\\Database\\Eloquent\\Builder.php(465): Illuminate\\Database\\Eloquent\\Builder->getModels(Array)
#8 C:\\Users\\DarkAsus\\Desktop\\laravel_dist\\vendor\\laravel\\framework\\src\\Illuminate\\Database\\Eloquent\\Model.php(425): Illuminate\\Database\\Eloquent\\Builder->get(Array)
#9 C:\\Users\\DarkAsus\\Desktop\\laravel_dist\\app\\Http\\Controllers\\HomeController.php(31): Illuminate\\Database\\Eloquent\\Model::all()
#10 [internal function]: App\\Http\\Controllers\\HomeController->index()
#11 C:\\Users\\DarkAsus\\Desktop\\laravel_dist\\vendor\\laravel\\framework\\src\\Illuminate\\Routing\\Controller.php(54): call_user_func_array(Array, Array)
#12 C:\\Users\\DarkAsus\\Desktop\\laravel_dist\\vendor\\laravel\\framework\\src\\Illuminate\\Routing\\ControllerDispatcher.php(45): Illuminate\\Routing\\Controller->callAction('index', Array)
#13 C:\\Users\\DarkAsus\\Desktop\\laravel_dist\\vendor\\laravel\\framework\\src\\Illuminate\\Routing\\Route.php(212): Illuminate\\Routing\\ControllerDispatcher->dispatch(Object(Illuminate\\Routing\\Route), Object(App\\Http\\Controllers\\HomeController), 'index')
#14 C:\\Users\\DarkAsus\\Desktop\\laravel_dist\\vendor\\laravel\\framework\\src\\Illuminate\\Routing\\Route.php(169): Illuminate\\Routing\\Route->runController()
#15 C:\\Users\\DarkAsus\\Desktop\\laravel_dist\\vendor\\laravel\\framework\\src\\Illuminate\\Routing\\Router.php(665): Illuminate\\Routing\\Route->run()
#16 C:\\Users\\DarkAsus\\Desktop\\laravel_dist\\vendor\\laravel\\framework\\src\\Illuminate\\Routing\\Pipeline.php(30): Illuminate\\Routing\\Router->Illuminate\\Routing\\{closure}(Object(Illuminate\\Http\\Request))
#17 C:\\Users\\DarkAsus\\Desktop\\laravel_dist\\vendor\\laravel\\framework\\src\\Illuminate\\Routing\\Middleware\\SubstituteBindings.php(41): Illuminate\\Routing\\Pipeline->Illuminate\\Routing\\{closure}(Object(Illuminate\\Http\\Request))
#18 C:\\Users\\DarkAsus\\Desktop\\laravel_dist\\vendor\\laravel\\framework\\src\\Illuminate\\Pipeline\\Pipeline.php(151): Illuminate\\Routing\\Middleware\\SubstituteBindings->handle(Object(Illuminate\\Http\\Request), Object(Closure))
#19 C:\\Users\\DarkAsus\\Desktop\\laravel_dist\\vendor\\laravel\\framework\\src\\Illuminate\\Routing\\Pipeline.php(53): Illuminate\\Pipeline\\Pipeline->Illuminate\\Pipeline\\{closure}(Object(Illuminate\\Http\\Request))
#20 C:\\Users\\DarkAsus\\Desktop\\laravel_dist\\vendor\\laravel\\framework\\src\\Illuminate\\Routing\\Middleware\\ThrottleRequests.php(57): Illuminate\\Routing\\Pipeline->Illuminate\\Routing\\{closure}(Object(Illuminate\\Http\\Request))
#21 C:\\Users\\DarkAsus\\Desktop\\laravel_dist\\vendor\\laravel\\framework\\src\\Illuminate\\Pipeline\\Pipeline.php(151): Illuminate\\Routing\\Middleware\\ThrottleRequests->handle(Object(Illuminate\\Http\\Request), Object(Closure), 60, '1')
#22 C:\\Users\\DarkAsus\\Desktop\\laravel_dist\\vendor\\laravel\\framework\\src\\Illuminate\\Routing\\Pipeline.php(53): Illuminate\\Pipeline\\Pipeline->Illuminate\\Pipeline\\{closure}(Object(Illuminate\\Http\\Request))
#23 C:\\Users\\DarkAsus\\Desktop\\laravel_dist\\vendor\\laravel\\framework\\src\\Illuminate\\Pipeline\\Pipeline.php(104): Illuminate\\Routing\\Pipeline->Illuminate\\Routing\\{closure}(Object(Illuminate\\Http\\Request))
#24 C:\\Users\\DarkAsus\\Desktop\\laravel_dist\\vendor\\laravel\\framework\\src\\Illuminate\\Routing\\Router.php(667): Illuminate\\Pipeline\\Pipeline->then(Object(Closure))
#25 C:\\Users\\DarkAsus\\Desktop\\laravel_dist\\vendor\\laravel\\framework\\src\\Illuminate\\Routing\\Router.php(642): Illuminate\\Routing\\Router->runRouteWithinStack(Object(Illuminate\\Routing\\Route), Object(Illuminate\\Http\\Request))
#26 C:\\Users\\DarkAsus\\Desktop\\laravel_dist\\vendor\\laravel\\framework\\src\\Illuminate\\Routing\\Router.php(608): Illuminate\\Routing\\Router->runRoute(Object(Illuminate\\Http\\Request), Object(Illuminate\\Routing\\Route))
#27 C:\\Users\\DarkAsus\\Desktop\\laravel_dist\\vendor\\laravel\\framework\\src\\Illuminate\\Routing\\Router.php(597): Illuminate\\Routing\\Router->dispatchToRoute(Object(Illuminate\\Http\\Request))
#28 C:\\Users\\DarkAsus\\Desktop\\laravel_dist\\vendor\\laravel\\framework\\src\\Illuminate\\Foundation\\Http\\Kernel.php(176): Illuminate\\Routing\\Router->dispatch(Object(Illuminate\\Http\\Request))
#29 C:\\Users\\DarkAsus\\Desktop\\laravel_dist\\vendor\\laravel\\framework\\src\\Illuminate\\Routing\\Pipeline.php(30): Illuminate\\Foundation\\Http\\Kernel->Illuminate\\Foundation\\Http\\{closure}(Object(Illuminate\\Http\\Request))
#30 C:\\Users\\DarkAsus\\Desktop\\laravel_dist\\vendor\\fideloper\\proxy\\src\\TrustProxies.php(57): Illuminate\\Routing\\Pipeline->Illuminate\\Routing\\{closure}(Object(Illuminate\\Http\\Request))
#31 C:\\Users\\DarkAsus\\Desktop\\laravel_dist\\vendor\\laravel\\framework\\src\\Illuminate\\Pipeline\\Pipeline.php(151): Fideloper\\Proxy\\TrustProxies->handle(Object(Illuminate\\Http\\Request), Object(Closure))
#32 C:\\Users\\DarkAsus\\Desktop\\laravel_dist\\vendor\\laravel\\framework\\src\\Illuminate\\Routing\\Pipeline.php(53): Illuminate\\Pipeline\\Pipeline->Illuminate\\Pipeline\\{closure}(Object(Illuminate\\Http\\Request))
#33 C:\\Users\\DarkAsus\\Desktop\\laravel_dist\\vendor\\laravel\\framework\\src\\Illuminate\\Foundation\\Http\\Middleware\\TransformsRequest.php(31): Illuminate\\Routing\\Pipeline->Illuminate\\Routing\\{closure}(Object(Illuminate\\Http\\Request))
#34 C:\\Users\\DarkAsus\\Desktop\\laravel_dist\\vendor\\laravel\\framework\\src\\Illuminate\\Pipeline\\Pipeline.php(151): Illuminate\\Foundation\\Http\\Middleware\\TransformsRequest->handle(Object(Illuminate\\Http\\Request), Object(Closure))
#35 C:\\Users\\DarkAsus\\Desktop\\laravel_dist\\vendor\\laravel\\framework\\src\\Illuminate\\Routing\\Pipeline.php(53): Illuminate\\Pipeline\\Pipeline->Illuminate\\Pipeline\\{closure}(Object(Illuminate\\Http\\Request))
#36 C:\\Users\\DarkAsus\\Desktop\\laravel_dist\\vendor\\laravel\\framework\\src\\Illuminate\\Foundation\\Http\\Middleware\\TransformsRequest.php(31): Illuminate\\Routing\\Pipeline->Illuminate\\Routing\\{closure}(Object(Illuminate\\Http\\Request))
#37 C:\\Users\\DarkAsus\\Desktop\\laravel_dist\\vendor\\laravel\\framework\\src\\Illuminate\\Pipeline\\Pipeline.php(151): Illuminate\\Foundation\\Http\\Middleware\\TransformsRequest->handle(Object(Illuminate\\Http\\Request), Object(Closure))
#38 C:\\Users\\DarkAsus\\Desktop\\laravel_dist\\vendor\\laravel\\framework\\src\\Illuminate\\Routing\\Pipeline.php(53): Illuminate\\Pipeline\\Pipeline->Illuminate\\Pipeline\\{closure}(Object(Illuminate\\Http\\Request))
#39 C:\\Users\\DarkAsus\\Desktop\\laravel_dist\\vendor\\laravel\\framework\\src\\Illuminate\\Foundation\\Http\\Middleware\\ValidatePostSize.php(27): Illuminate\\Routing\\Pipeline->Illuminate\\Routing\\{closure}(Object(Illuminate\\Http\\Request))
#40 C:\\Users\\DarkAsus\\Desktop\\laravel_dist\\vendor\\laravel\\framework\\src\\Illuminate\\Pipeline\\Pipeline.php(151): Illuminate\\Foundation\\Http\\Middleware\\ValidatePostSize->handle(Object(Illuminate\\Http\\Request), Object(Closure))
#41 C:\\Users\\DarkAsus\\Desktop\\laravel_dist\\vendor\\laravel\\framework\\src\\Illuminate\\Routing\\Pipeline.php(53): Illuminate\\Pipeline\\Pipeline->Illuminate\\Pipeline\\{closure}(Object(Illuminate\\Http\\Request))
#42 C:\\Users\\DarkAsus\\Desktop\\laravel_dist\\vendor\\laravel\\framework\\src\\Illuminate\\Foundation\\Http\\Middleware\\CheckForMaintenanceMode.php(62): Illuminate\\Routing\\Pipeline->Illuminate\\Routing\\{closure}(Object(Illuminate\\Http\\Request))
#43 C:\\Users\\DarkAsus\\Desktop\\laravel_dist\\vendor\\laravel\\framework\\src\\Illuminate\\Pipeline\\Pipeline.php(151): Illuminate\\Foundation\\Http\\Middleware\\CheckForMaintenanceMode->handle(Object(Illuminate\\Http\\Request), Object(Closure))
#44 C:\\Users\\DarkAsus\\Desktop\\laravel_dist\\vendor\\laravel\\framework\\src\\Illuminate\\Routing\\Pipeline.php(53): Illuminate\\Pipeline\\Pipeline->Illuminate\\Pipeline\\{closure}(Object(Illuminate\\Http\\Request))
#45 C:\\Users\\DarkAsus\\Desktop\\laravel_dist\\vendor\\laravel\\framework\\src\\Illuminate\\Pipeline\\Pipeline.php(104): Illuminate\\Routing\\Pipeline->Illuminate\\Routing\\{closure}(Object(Illuminate\\Http\\Request))
#46 C:\\Users\\DarkAsus\\Desktop\\laravel_dist\\vendor\\laravel\\framework\\src\\Illuminate\\Foundation\\Http\\Kernel.php(151): Illuminate\\Pipeline\\Pipeline->then(Object(Closure))
#47 C:\\Users\\DarkAsus\\Desktop\\laravel_dist\\vendor\\laravel\\framework\\src\\Illuminate\\Foundation\\Http\\Kernel.php(116): Illuminate\\Foundation\\Http\\Kernel->sendRequestThroughRouter(Object(Illuminate\\Http\\Request))
#48 C:\\Users\\DarkAsus\\Desktop\\laravel_dist\\public\\index.php(55): Illuminate\\Foundation\\Http\\Kernel->handle(Object(Illuminate\\Http\\Request))
#49 C:\\Users\\DarkAsus\\Desktop\\laravel_dist\\server.php(21): require_once('C:\\\\Users\\\\DarkAs...')
#50 {main}
"} 
